2026-04-19 11:57:50.079 INFO  <ModalContext> [/Transformaci?n 1.ktr]  Iniciado despacho de la transformaci?n [/Transformaci?n 1]
2026-04-19 11:57:50.265 INFO  </Transformaci?n 1 - Entrada> [/Transformaci?n 1.ktr]  Header row skipped in file 'C:\software\Pentajo\Pentajo-Comunity\Ejercicios\Ejercicio_1\ventas_clientes.xlsx'
2026-04-19 11:57:50.274 INFO  </Transformaci?n 1 - Entrada> [/Transformaci?n 1.ktr]  Procesamiento finalizado (I=52, O=0, R=0, W=51, U=0, E=0)
2026-04-19 11:57:50.299 INFO  </Transformaci?n 1 - dummy> [/Transformaci?n 1.ktr]  Procesamiento finalizado (I=0, O=0, R=51, W=51, U=0, E=0)
2026-04-19 12:36:23.108 INFO  <Thread-44> [C:\software\Pentajo\Pentajo-Comunity\Ejercicios\Ejercicio_1\Transf-1-ktr]  Iniciado despacho de la transformaci?n [Transf-1-ktr]
2026-04-19 12:36:23.212 INFO  <Transf-1-ktr - Entrada-CSV> [C:\software\Pentajo\Pentajo-Comunity\Ejercicios\Ejercicio_1\Transf-1-ktr]  Header row skipped in file 'C:\software\Pentajo\Pentajo-Comunity\Ejercicios\Ejercicio_1\ventas_clientes.csv'
2026-04-19 12:36:23.221 INFO  <Transf-1-ktr - Entrada-CSV> [C:\software\Pentajo\Pentajo-Comunity\Ejercicios\Ejercicio_1\Transf-1-ktr]  Procesamiento finalizado (I=12, O=0, R=0, W=11, U=0, E=0)
2026-04-19 12:36:23.245 INFO  <Transf-1-ktr - Year> [C:\software\Pentajo\Pentajo-Comunity\Ejercicios\Ejercicio_1\Transf-1-ktr]  Procesamiento finalizado (I=0, O=0, R=11, W=1, U=0, E=0)
2026-04-19 12:36:23.265 INFO  <Transf-1-ktr - Transformación simulada (no hace nada)> [C:\software\Pentajo\Pentajo-Comunity\Ejercicios\Ejercicio_1\Transf-1-ktr]  Procesamiento finalizado (I=0, O=0, R=1, W=1, U=0, E=0)
2026-04-19 12:38:46.936 INFO  <Thread-57> [C:\software\Pentajo\Pentajo-Comunity\Ejercicios\Ejercicio_1\Transf-1-ktr]  Iniciado despacho de la transformaci?n [Transf-1-ktr]
2026-04-19 12:38:47.042 INFO  <Transf-1-ktr - Entrada-CSV> [C:\software\Pentajo\Pentajo-Comunity\Ejercicios\Ejercicio_1\Transf-1-ktr]  Header row skipped in file 'C:\software\Pentajo\Pentajo-Comunity\Ejercicios\Ejercicio_1\ventas_clientes.csv'
2026-04-19 12:38:47.048 INFO  <Transf-1-ktr - Entrada-CSV> [C:\software\Pentajo\Pentajo-Comunity\Ejercicios\Ejercicio_1\Transf-1-ktr]  Procesamiento finalizado (I=12, O=0, R=0, W=11, U=0, E=0)
2026-04-19 12:38:47.074 INFO  <Transf-1-ktr - Year> [C:\software\Pentajo\Pentajo-Comunity\Ejercicios\Ejercicio_1\Transf-1-ktr]  Procesamiento finalizado (I=0, O=0, R=11, W=1, U=0, E=0)
2026-04-19 12:38:47.090 INFO  <Transf-1-ktr - Transformación simulada (no hace nada)> [C:\software\Pentajo\Pentajo-Comunity\Ejercicios\Ejercicio_1\Transf-1-ktr]  Procesamiento finalizado (I=0, O=0, R=1, W=1, U=0, E=0)
2026-04-19 15:27:04.515 INFO  <Thread-36> [C:\software\Pentajo\Pentajo-Comunity\Ejercicios\Ejercicio_2\Ejer-2-KRT.ktr]  Iniciado despacho de la transformaci?n [Ejer-2-KRT]
2026-04-19 15:27:04.730 INFO  <Ejer-2-KRT - CSV file input> [C:\software\Pentajo\Pentajo-Comunity\Ejercicios\Ejercicio_2\Ejer-2-KRT.ktr]  Header row skipped in file 'C:\software\Pentajo\Pentajo-Comunity\Ejercicios\Ejercicio_2\ventas_clientes.csv'
2026-04-19 15:27:04.741 INFO  <Ejer-2-KRT - CSV file input> [C:\software\Pentajo\Pentajo-Comunity\Ejercicios\Ejercicio_2\Ejer-2-KRT.ktr]  Procesamiento finalizado (I=12, O=0, R=0, W=11, U=0, E=0)
2026-04-19 15:27:04.766 INFO  <Ejer-2-KRT - Filtrar filas> [C:\software\Pentajo\Pentajo-Comunity\Ejercicios\Ejercicio_2\Ejer-2-KRT.ktr]  Procesamiento finalizado (I=0, O=0, R=11, W=1, U=0, E=0)
2026-04-19 15:27:04.798 INFO  <Ejer-2-KRT - Transformación simulada (no hace nada)> [C:\software\Pentajo\Pentajo-Comunity\Ejercicios\Ejercicio_2\Ejer-2-KRT.ktr]  Procesamiento finalizado (I=0, O=0, R=1, W=1, U=0, E=0)
2026-04-19 16:08:39.051 INFO  <Thread-26> [C:\software\Pentajo\Pentajo-Comunity\Ejercicios\Ejercicio_2\Ejer-2-KRT.ktr]  Iniciado despacho de la transformaci?n [Ejer-2-KRT]
2026-04-19 16:08:39.280 INFO  <Ejer-2-KRT - CSV file input> [C:\software\Pentajo\Pentajo-Comunity\Ejercicios\Ejercicio_2\Ejer-2-KRT.ktr]  Header row skipped in file 'C:\software\Pentajo\Pentajo-Comunity\Ejercicios\Ejercicio_2\ventas_clientes.csv'
2026-04-19 16:08:39.292 INFO  <Ejer-2-KRT - CSV file input> [C:\software\Pentajo\Pentajo-Comunity\Ejercicios\Ejercicio_2\Ejer-2-KRT.ktr]  Procesamiento finalizado (I=12, O=0, R=0, W=11, U=0, E=0)
2026-04-19 16:08:39.312 INFO  <Ejer-2-KRT - Filtrar filas> [C:\software\Pentajo\Pentajo-Comunity\Ejercicios\Ejercicio_2\Ejer-2-KRT.ktr]  Procesamiento finalizado (I=0, O=0, R=11, W=1, U=0, E=0)
2026-04-19 16:08:39.346 INFO  <Ejer-2-KRT - Transformación simulada (no hace nada)> [C:\software\Pentajo\Pentajo-Comunity\Ejercicios\Ejercicio_2\Ejer-2-KRT.ktr]  Procesamiento finalizado (I=0, O=0, R=1, W=1, U=0, E=0)
2026-04-19 16:08:39.370 INFO  <Ejer-2-KRT - Salida-fichero> [C:\software\Pentajo\Pentajo-Comunity\Ejercicios\Ejercicio_2\Ejer-2-KRT.ktr]  Procesamiento finalizado (I=0, O=2, R=1, W=1, U=0, E=0)
2026-04-19 16:11:52.636 INFO  <Thread-43> [C:\software\Pentajo\Pentajo-Comunity\Ejercicios\Ejercicio_2\Ejer-2-KRT.ktr]  Iniciado despacho de la transformaci?n [Ejer-2-KRT]
2026-04-19 16:11:52.668 INFO  <Ejer-2-KRT - CSV file input> [C:\software\Pentajo\Pentajo-Comunity\Ejercicios\Ejercicio_2\Ejer-2-KRT.ktr]  Header row skipped in file 'C:\software\Pentajo\Pentajo-Comunity\Ejercicios\Ejercicio_2\ventas_clientes.csv'
2026-04-19 16:11:52.676 INFO  <Ejer-2-KRT - CSV file input> [C:\software\Pentajo\Pentajo-Comunity\Ejercicios\Ejercicio_2\Ejer-2-KRT.ktr]  Procesamiento finalizado (I=12, O=0, R=0, W=11, U=0, E=0)
2026-04-19 16:11:52.705 INFO  <Ejer-2-KRT - Filtrar filas> [C:\software\Pentajo\Pentajo-Comunity\Ejercicios\Ejercicio_2\Ejer-2-KRT.ktr]  Procesamiento finalizado (I=0, O=0, R=11, W=1, U=0, E=0)
2026-04-19 16:11:52.730 INFO  <Ejer-2-KRT - Transformación simulada (no hace nada)> [C:\software\Pentajo\Pentajo-Comunity\Ejercicios\Ejercicio_2\Ejer-2-KRT.ktr]  Procesamiento finalizado (I=0, O=0, R=1, W=1, U=0, E=0)
2026-04-19 16:11:52.755 INFO  <Ejer-2-KRT - Salida-fichero> [C:\software\Pentajo\Pentajo-Comunity\Ejercicios\Ejercicio_2\Ejer-2-KRT.ktr]  Procesamiento finalizado (I=0, O=2, R=1, W=1, U=0, E=0)
2026-04-19 16:13:33.850 INFO  <Thread-57> [C:\software\Pentajo\Pentajo-Comunity\Ejercicios\Ejercicio_2\Ejer-2-KRT.ktr]  Iniciado despacho de la transformaci?n [Ejer-2-KRT]
2026-04-19 16:13:33.878 INFO  <Ejer-2-KRT - CSV file input> [C:\software\Pentajo\Pentajo-Comunity\Ejercicios\Ejercicio_2\Ejer-2-KRT.ktr]  Header row skipped in file 'C:\software\Pentajo\Pentajo-Comunity\Ejercicios\Ejercicio_2\ventas_clientes.csv'
2026-04-19 16:13:33.883 INFO  <Ejer-2-KRT - CSV file input> [C:\software\Pentajo\Pentajo-Comunity\Ejercicios\Ejercicio_2\Ejer-2-KRT.ktr]  Procesamiento finalizado (I=12, O=0, R=0, W=11, U=0, E=0)
2026-04-19 16:13:33.909 INFO  <Ejer-2-KRT - Filtrar filas> [C:\software\Pentajo\Pentajo-Comunity\Ejercicios\Ejercicio_2\Ejer-2-KRT.ktr]  Procesamiento finalizado (I=0, O=0, R=11, W=1, U=0, E=0)
2026-04-19 16:13:33.935 INFO  <Ejer-2-KRT - Transformación simulada (no hace nada)> [C:\software\Pentajo\Pentajo-Comunity\Ejercicios\Ejercicio_2\Ejer-2-KRT.ktr]  Procesamiento finalizado (I=0, O=0, R=1, W=1, U=0, E=0)
2026-04-19 16:13:33.967 INFO  <Ejer-2-KRT - Salida-fichero> [C:\software\Pentajo\Pentajo-Comunity\Ejercicios\Ejercicio_2\Ejer-2-KRT.ktr]  Procesamiento finalizado (I=0, O=2, R=1, W=1, U=0, E=0)
2026-04-19 22:01:31.068 INFO  <Thread-22> [C:\software\Pentajo\Pentajo-Comunity\Ejercicios\Ejercicio_2\Ejer-2-KRT.ktr]  Iniciado despacho de la transformaci?n [Ejer-2-KRT]
2026-04-19 22:01:31.319 INFO  <Ejer-2-KRT - CSV file input> [C:\software\Pentajo\Pentajo-Comunity\Ejercicios\Ejercicio_2\Ejer-2-KRT.ktr]  Header row skipped in file 'C:\software\Pentajo\Pentajo-Comunity\Ejercicios\Ejercicio_2\ventas_clientes.csv'
2026-04-19 22:01:31.332 INFO  <Ejer-2-KRT - CSV file input> [C:\software\Pentajo\Pentajo-Comunity\Ejercicios\Ejercicio_2\Ejer-2-KRT.ktr]  Procesamiento finalizado (I=12, O=0, R=0, W=11, U=0, E=0)
2026-04-19 22:01:31.352 INFO  <Ejer-2-KRT - Filtrar filas> [C:\software\Pentajo\Pentajo-Comunity\Ejercicios\Ejercicio_2\Ejer-2-KRT.ktr]  Procesamiento finalizado (I=0, O=0, R=11, W=1, U=0, E=0)
2026-04-19 22:01:31.387 INFO  <Ejer-2-KRT - Transformación simulada (no hace nada)> [C:\software\Pentajo\Pentajo-Comunity\Ejercicios\Ejercicio_2\Ejer-2-KRT.ktr]  Procesamiento finalizado (I=0, O=0, R=1, W=1, U=0, E=0)
2026-04-19 22:01:31.426 INFO  <Ejer-2-KRT - Salida-fichero> [C:\software\Pentajo\Pentajo-Comunity\Ejercicios\Ejercicio_2\Ejer-2-KRT.ktr]  Procesamiento finalizado (I=0, O=2, R=1, W=1, U=0, E=0)
2026-04-19 23:18:09.811 INFO  <ModalContext> [/Transformaci?n 1.ktr]  Iniciado despacho de la transformaci?n [/Transformaci?n 1]
2026-04-19 23:18:09.956 ERROR </Transformaci?n 1 - Entrada Tabla> [/Transformaci?n 1.ktr]  Error desconocido
2026-04-19 23:18:09.964 ERROR </Transformaci?n 1 - Entrada Tabla> [/Transformaci?n 1.ktr]  org.pentaho.di.core.exception.KettleDatabaseException: 
An error occurred executing SQL: 
SELECT <values> FROM <table name> WHERE <conditions>
You have an error in your SQL syntax; check the manual that corresponds to your MySQL server version for the right syntax to use near '<values> FROM <table name> WHERE <conditions>' at line 1

	at org.pentaho.di.core.database.Database.openQuery(Database.java:1776)
	at org.pentaho.di.trans.steps.tableinput.TableInput.doQuery(TableInput.java:242)
	at org.pentaho.di.trans.steps.tableinput.TableInput.processRow(TableInput.java:143)
	at org.pentaho.di.trans.step.RunThread.run(RunThread.java:62)
	at java.lang.Thread.run(Unknown Source)
Caused by: com.mysql.jdbc.exceptions.jdbc4.MySQLSyntaxErrorException: You have an error in your SQL syntax; check the manual that corresponds to your MySQL server version for the right syntax to use near '<values> FROM <table name> WHERE <conditions>' at line 1
	at sun.reflect.NativeConstructorAccessorImpl.newInstance0(Native Method)
	at sun.reflect.NativeConstructorAccessorImpl.newInstance(Unknown Source)
	at sun.reflect.DelegatingConstructorAccessorImpl.newInstance(Unknown Source)
	at java.lang.reflect.Constructor.newInstance(Unknown Source)
	at com.mysql.jdbc.Util.handleNewInstance(Util.java:425)
	at com.mysql.jdbc.Util.getInstance(Util.java:408)
	at com.mysql.jdbc.SQLError.createSQLException(SQLError.java:944)
	at com.mysql.jdbc.MysqlIO.checkErrorPacket(MysqlIO.java:3978)
	at com.mysql.jdbc.MysqlIO.checkErrorPacket(MysqlIO.java:3914)
	at com.mysql.jdbc.MysqlIO.sendCommand(MysqlIO.java:2530)
	at com.mysql.jdbc.MysqlIO.sqlQueryDirect(MysqlIO.java:2683)
	at com.mysql.jdbc.ConnectionImpl.execSQL(ConnectionImpl.java:2491)
	at com.mysql.jdbc.ConnectionImpl.execSQL(ConnectionImpl.java:2449)
	at com.mysql.jdbc.StatementImpl.executeQuery(StatementImpl.java:1381)
	at org.pentaho.di.core.database.Database.openQuery(Database.java:1765)
	... 4 more

2026-04-19 23:18:09.972 INFO  </Transformaci?n 1 - Entrada Tabla> [/Transformaci?n 1.ktr]  Finished reading query, closing connection
2026-04-19 23:18:09.983 INFO  </Transformaci?n 1 - Entrada Tabla> [/Transformaci?n 1.ktr]  Procesamiento finalizado (I=0, O=0, R=0, W=0, U=0, E=1)
2026-04-19 23:18:09.988 WARN  </Transformaci?n 1 - Entrada Tabla> [/Transformaci?n 1.ktr]  Transformaci?n detectada 
2026-04-19 23:18:09.988 WARN  </Transformaci?n 1 - Entrada Tabla> [/Transformaci?n 1.ktr]  Transformaci?n est? matando los otros pasos!
