2026-05-13 00:00:00.883 WARN  <Thread-8> [C:\ProyectoIA\job_openmeteo.kjb]  Start of job execution
2026-05-13 00:00:01.007 INFO  <Thread-8> [C:\ProyectoIA\job_openmeteo.kjb]  Starting entry [descargar_historico]
2026-05-13 00:00:01.011 INFO  <Thread-8> [C:\ProyectoIA\job_openmeteo.kjb]  Running on platform : Windows 11
2026-05-13 00:00:01.025 INFO  <Thread-8> [C:\ProyectoIA\job_openmeteo.kjb]  Executing command : cmd.exe /C "C:\Users\VALENT~1\AppData\Local\Temp\kettle_ec5d1ec5-4e4d-11f1-8b78-1fe1dafc183ashell.bat"
2026-05-13 00:00:01.092 INFO  <Thread-10> [C:\ProyectoIA\job_openmeteo.kjb]  (stdout) 
2026-05-13 00:00:01.096 INFO  <Thread-10> [C:\ProyectoIA\job_openmeteo.kjb]  (stdout) C:\ProyectoIA\data-integration>python C:\ProyectoIA\scripts\openmeteo_historico.py 
2026-05-13 00:00:02.523 INFO  <Thread-10> [C:\ProyectoIA\job_openmeteo.kjb]  (stdout) El histórico ya existe. No se descarga de nuevo.
2026-05-13 00:00:02.646 INFO  <Thread-8> [C:\ProyectoIA\job_openmeteo.kjb]  Starting entry [descargar_realtime]
2026-05-13 00:00:02.648 INFO  <Thread-8> [C:\ProyectoIA\job_openmeteo.kjb]  Running on platform : Windows 11
2026-05-13 00:00:02.652 INFO  <Thread-8> [C:\ProyectoIA\job_openmeteo.kjb]  Executing command : cmd.exe /C "C:\Users\VALENT~1\AppData\Local\Temp\kettle_ed55fdb6-4e4d-11f1-8b78-1fe1dafc183ashell.bat"
2026-05-13 00:00:02.709 INFO  <Thread-12> [C:\ProyectoIA\job_openmeteo.kjb]  (stdout) 
2026-05-13 00:00:02.711 INFO  <Thread-12> [C:\ProyectoIA\job_openmeteo.kjb]  (stdout) C:\ProyectoIA\data-integration>python C:\ProyectoIA\scripts\openmeteo_realtime.py 
2026-05-13 00:00:06.501 INFO  <Thread-12> [C:\ProyectoIA\job_openmeteo.kjb]  (stdout) Obteniendo datos actuales de Open-Meteo...
2026-05-13 00:00:06.501 ERROR <Thread-11> [C:\ProyectoIA\job_openmeteo.kjb]  (stderr) Traceback (most recent call last):
2026-05-13 00:00:06.503 ERROR <Thread-11> [C:\ProyectoIA\job_openmeteo.kjb]  (stderr)   File "C:\Users\Valentín\AppData\Local\Programs\Python\Python312\Lib\site-packages\requests\models.py", line 978, in json
2026-05-13 00:00:06.532 ERROR <Thread-11> [C:\ProyectoIA\job_openmeteo.kjb]  (stderr)     return complexjson.loads(self.text, **kwargs)
2026-05-13 00:00:06.532 ERROR <Thread-11> [C:\ProyectoIA\job_openmeteo.kjb]  (stderr)            ^^^^^^^^^^^^^^^^^^^^^^^^^^^^^^^^^^^^^^
2026-05-13 00:00:06.534 ERROR <Thread-11> [C:\ProyectoIA\job_openmeteo.kjb]  (stderr)   File "C:\Users\Valentín\AppData\Local\Programs\Python\Python312\Lib\json\__init__.py", line 346, in loads
2026-05-13 00:00:06.550 ERROR <Thread-11> [C:\ProyectoIA\job_openmeteo.kjb]  (stderr)     return _default_decoder.decode(s)
2026-05-13 00:00:06.550 ERROR <Thread-11> [C:\ProyectoIA\job_openmeteo.kjb]  (stderr)            ^^^^^^^^^^^^^^^^^^^^^^^^^^
2026-05-13 00:00:06.550 ERROR <Thread-11> [C:\ProyectoIA\job_openmeteo.kjb]  (stderr)   File "C:\Users\Valentín\AppData\Local\Programs\Python\Python312\Lib\json\decoder.py", line 337, in decode
2026-05-13 00:00:06.565 ERROR <Thread-11> [C:\ProyectoIA\job_openmeteo.kjb]  (stderr)     obj, end = self.raw_decode(s, idx=_w(s, 0).end())
2026-05-13 00:00:06.565 ERROR <Thread-11> [C:\ProyectoIA\job_openmeteo.kjb]  (stderr)                ^^^^^^^^^^^^^^^^^^^^^^^^^^^^^^^^^^^^^^
2026-05-13 00:00:06.565 ERROR <Thread-11> [C:\ProyectoIA\job_openmeteo.kjb]  (stderr)   File "C:\Users\Valentín\AppData\Local\Programs\Python\Python312\Lib\json\decoder.py", line 355, in raw_decode
2026-05-13 00:00:06.569 ERROR <Thread-11> [C:\ProyectoIA\job_openmeteo.kjb]  (stderr)     raise JSONDecodeError("Expecting value", s, err.value) from None
2026-05-13 00:00:06.569 ERROR <Thread-11> [C:\ProyectoIA\job_openmeteo.kjb]  (stderr) json.decoder.JSONDecodeError: Expecting value: line 1 column 1 (char 0)
2026-05-13 00:00:06.569 ERROR <Thread-11> [C:\ProyectoIA\job_openmeteo.kjb]  (stderr) 
2026-05-13 00:00:06.569 ERROR <Thread-11> [C:\ProyectoIA\job_openmeteo.kjb]  (stderr) During handling of the above exception, another exception occurred:
2026-05-13 00:00:06.571 ERROR <Thread-11> [C:\ProyectoIA\job_openmeteo.kjb]  (stderr) 
2026-05-13 00:00:06.573 ERROR <Thread-11> [C:\ProyectoIA\job_openmeteo.kjb]  (stderr) Traceback (most recent call last):
2026-05-13 00:00:06.573 ERROR <Thread-11> [C:\ProyectoIA\job_openmeteo.kjb]  (stderr)   File "C:\ProyectoIA\scripts\openmeteo_realtime.py", line 20, in <module>
2026-05-13 00:00:06.573 ERROR <Thread-11> [C:\ProyectoIA\job_openmeteo.kjb]  (stderr)     data = resp.json()
2026-05-13 00:00:06.573 ERROR <Thread-11> [C:\ProyectoIA\job_openmeteo.kjb]  (stderr)            ^^^^^^^^^^^
2026-05-13 00:00:06.575 ERROR <Thread-11> [C:\ProyectoIA\job_openmeteo.kjb]  (stderr)   File "C:\Users\Valentín\AppData\Local\Programs\Python\Python312\Lib\site-packages\requests\models.py", line 982, in json
2026-05-13 00:00:06.577 ERROR <Thread-11> [C:\ProyectoIA\job_openmeteo.kjb]  (stderr)     raise RequestsJSONDecodeError(e.msg, e.doc, e.pos)
2026-05-13 00:00:06.587 ERROR <Thread-11> [C:\ProyectoIA\job_openmeteo.kjb]  (stderr) requests.exceptions.JSONDecodeError: Expecting value: line 1 column 1 (char 0)
2026-05-13 00:00:06.702 INFO  <Thread-8> [C:\ProyectoIA\job_openmeteo.kjb]  Finished job entry [descargar_realtime] (result=[false])
2026-05-13 00:00:06.704 INFO  <Thread-8> [C:\ProyectoIA\job_openmeteo.kjb]  Finished job entry [descargar_historico] (result=[false])
2026-05-13 00:00:06.704 WARN  <Thread-8> [C:\ProyectoIA\job_openmeteo.kjb]  Job execution finished
2026-05-13 00:00:47.313 INFO  <main> [C:\ProyectoIA\etl_openmeteo_final.ktr]  Iniciado despacho de la transformaci?n [transform_openmeteo]
2026-05-13 00:00:47.911 INFO  <init of Salida Tabla Mes.0 (Thread-16)> [C:\ProyectoIA\etl_openmeteo_final.ktr]  Connected to database [mysql_clima] (commit=1000)
2026-05-13 00:00:47.911 INFO  <init of Salida Tabla Diaria.0 (Thread-15)> [C:\ProyectoIA\etl_openmeteo_final.ktr]  Connected to database [mysql_clima] (commit=1000)
2026-05-13 00:00:47.911 INFO  <init of Salida Tabla Semana.0 (Thread-18)> [C:\ProyectoIA\etl_openmeteo_final.ktr]  Connected to database [mysql_clima] (commit=1000)
2026-05-13 00:00:47.971 INFO  <transform_openmeteo - CSV file input> [C:\ProyectoIA\etl_openmeteo_final.ktr]  Header row skipped in file 'C:/ProyectoIA/datos/openmeteo_dataset_final.csv'
2026-05-13 00:00:48.134 INFO  <transform_openmeteo - estres termico> [C:\ProyectoIA\etl_openmeteo_final.ktr]  Optimization level set to 9.
2026-05-13 00:00:48.349 INFO  <transform_openmeteo - crea fecha> [C:\ProyectoIA\etl_openmeteo_final.ktr]  Optimization level set to 9.
2026-05-13 00:00:49.194 INFO  <transform_openmeteo - CSV file input> [C:\ProyectoIA\etl_openmeteo_final.ktr]  Line number : 50000
2026-05-13 00:00:49.384 INFO  <transform_openmeteo - CSV file input> [C:\ProyectoIA\etl_openmeteo_final.ktr]  Procesamiento finalizado (I=55877, O=0, R=0, W=55876, U=0, E=0)
2026-05-13 00:00:49.409 INFO  <transform_openmeteo - estres termico> [C:\ProyectoIA\etl_openmeteo_final.ktr]  N?mero de l?nea 50000
2026-05-13 00:00:49.482 INFO  <transform_openmeteo - estres termico> [C:\ProyectoIA\etl_openmeteo_final.ktr]  Procesamiento finalizado (I=0, O=0, R=55876, W=55876, U=0, E=0)
2026-05-13 00:00:49.488 INFO  <transform_openmeteo - crea fecha> [C:\ProyectoIA\etl_openmeteo_final.ktr]  N?mero de l?nea 50000
2026-05-13 00:00:49.538 INFO  <transform_openmeteo - DIARIO> [C:\ProyectoIA\etl_openmeteo_final.ktr]  N?mero l?nea 50000
2026-05-13 00:00:49.558 INFO  <transform_openmeteo - crea fecha> [C:\ProyectoIA\etl_openmeteo_final.ktr]  Procesamiento finalizado (I=0, O=0, R=55876, W=55876, U=0, E=0)
2026-05-13 00:00:49.602 INFO  <transform_openmeteo - crear_semana> [C:\ProyectoIA\etl_openmeteo_final.ktr]  Optimization level set to 9.
2026-05-13 00:00:49.604 INFO  <transform_openmeteo - crear_mes> [C:\ProyectoIA\etl_openmeteo_final.ktr]  Optimization level set to 9.
2026-05-13 00:00:49.754 INFO  <transform_openmeteo - DIARIO> [C:\ProyectoIA\etl_openmeteo_final.ktr]  Procesamiento finalizado (I=0, O=0, R=55876, W=2322, U=0, E=0)
2026-05-13 00:00:49.795 INFO  <transform_openmeteo - crear_mes> [C:\ProyectoIA\etl_openmeteo_final.ktr]  Procesamiento finalizado (I=0, O=0, R=774, W=774, U=0, E=0)
2026-05-13 00:00:49.858 INFO  <transform_openmeteo - MENSUAL> [C:\ProyectoIA\etl_openmeteo_final.ktr]  Procesamiento finalizado (I=0, O=0, R=774, W=77, U=0, E=0)
2026-05-13 00:00:50.405 INFO  <transform_openmeteo - Salida Tabla Mes> [C:\ProyectoIA\etl_openmeteo_final.ktr]  Procesamiento finalizado (I=0, O=77, R=77, W=77, U=0, E=0)
2026-05-13 00:00:50.552 INFO  <transform_openmeteo - crear_semana> [C:\ProyectoIA\etl_openmeteo_final.ktr]  Procesamiento finalizado (I=0, O=0, R=774, W=774, U=0, E=0)
2026-05-13 00:00:50.656 INFO  <transform_openmeteo - SEMANAL> [C:\ProyectoIA\etl_openmeteo_final.ktr]  Procesamiento finalizado (I=0, O=0, R=774, W=328, U=0, E=0)
2026-05-13 00:00:50.670 INFO  <transform_openmeteo - Salida Tabla Diaria> [C:\ProyectoIA\etl_openmeteo_final.ktr]  Procesamiento finalizado (I=0, O=774, R=774, W=774, U=0, E=0)
2026-05-13 00:00:50.832 INFO  <transform_openmeteo - Salida Tabla Semana> [C:\ProyectoIA\etl_openmeteo_final.ktr]  Procesamiento finalizado (I=0, O=328, R=328, W=328, U=0, E=0)
2026-05-13 00:00:50.854 INFO  <main> [C:\ProyectoIA\etl_openmeteo_final.ktr]   
2026-05-13 00:00:50.860 INFO  <main> [C:\ProyectoIA\etl_openmeteo_final.ktr]  Los procesos CSV file input.0 han finalizado correctamente, se han procesado 55876 l?neas. ( 18625 l?neas)
2026-05-13 00:00:50.860 INFO  <main> [C:\ProyectoIA\etl_openmeteo_final.ktr]  Los procesos estres termico.0 han finalizado correctamente, se han procesado 55876 l?neas. ( 18625 l?neas)
2026-05-13 00:00:50.860 INFO  <main> [C:\ProyectoIA\etl_openmeteo_final.ktr]  Los procesos crea fecha.0 han finalizado correctamente, se han procesado 55876 l?neas. ( 18625 l?neas)
2026-05-13 00:00:50.860 INFO  <main> [C:\ProyectoIA\etl_openmeteo_final.ktr]  Los procesos DIARIO.0 han finalizado correctamente, se han procesado 55876 l?neas. ( 18625 l?neas)
2026-05-13 00:00:50.862 INFO  <main> [C:\ProyectoIA\etl_openmeteo_final.ktr]  Los procesos crear_semana.0 han finalizado correctamente, se han procesado 774 l?neas. ( 258 l?neas)
2026-05-13 00:00:50.862 INFO  <main> [C:\ProyectoIA\etl_openmeteo_final.ktr]  Los procesos crear_mes.0 han finalizado correctamente, se han procesado 774 l?neas. ( 258 l?neas)
2026-05-13 00:00:50.862 INFO  <main> [C:\ProyectoIA\etl_openmeteo_final.ktr]  Los procesos MENSUAL.0 han finalizado correctamente, se han procesado 774 l?neas. ( 258 l?neas)
2026-05-13 00:00:50.862 INFO  <main> [C:\ProyectoIA\etl_openmeteo_final.ktr]  Los procesos Salida Tabla Diaria.0 han finalizado correctamente, se han procesado 774 l?neas. ( 258 l?neas)
2026-05-13 00:00:50.862 INFO  <main> [C:\ProyectoIA\etl_openmeteo_final.ktr]  Los procesos Salida Tabla Mes.0 han finalizado correctamente, se han procesado 77 l?neas. ( 25 l?neas)
2026-05-13 00:00:50.862 INFO  <main> [C:\ProyectoIA\etl_openmeteo_final.ktr]  Los procesos SEMANAL.0 han finalizado correctamente, se han procesado 774 l?neas. ( 258 l?neas)
2026-05-13 00:00:50.862 INFO  <main> [C:\ProyectoIA\etl_openmeteo_final.ktr]  Los procesos Salida Tabla Semana.0 han finalizado correctamente, se han procesado 328 l?neas. ( 109 l?neas)
2026-05-13 13:07:08.836 WARN  <Thread-7> [C:\ProyectoIA\job_openmeteo.kjb]  Start of job execution
2026-05-13 13:07:09.068 INFO  <Thread-7> [C:\ProyectoIA\job_openmeteo.kjb]  Starting entry [descargar_historico]
2026-05-13 13:07:09.070 INFO  <Thread-7> [C:\ProyectoIA\job_openmeteo.kjb]  Running on platform : Windows 11
2026-05-13 13:07:09.088 INFO  <Thread-7> [C:\ProyectoIA\job_openmeteo.kjb]  Executing command : cmd.exe /C "C:\Users\VALENT~1\AppData\Local\Temp\kettle_e27a1b69-4ebb-11f1-87a7-9f509359a2bcshell.bat"
2026-05-13 13:07:09.172 INFO  <Thread-10> [C:\ProyectoIA\job_openmeteo.kjb]  (stdout) 
2026-05-13 13:07:09.174 INFO  <Thread-10> [C:\ProyectoIA\job_openmeteo.kjb]  (stdout) C:\ProyectoIA\data-integration>python C:\ProyectoIA\scripts\openmeteo_historico.py 
2026-05-13 13:07:11.191 INFO  <Thread-10> [C:\ProyectoIA\job_openmeteo.kjb]  (stdout) El histórico ya existe. No se descarga de nuevo.
2026-05-13 13:07:11.353 INFO  <Thread-7> [C:\ProyectoIA\job_openmeteo.kjb]  Starting entry [descargar_realtime]
2026-05-13 13:07:11.355 INFO  <Thread-7> [C:\ProyectoIA\job_openmeteo.kjb]  Running on platform : Windows 11
2026-05-13 13:07:11.361 INFO  <Thread-7> [C:\ProyectoIA\job_openmeteo.kjb]  Executing command : cmd.exe /C "C:\Users\VALENT~1\AppData\Local\Temp\kettle_e3d6c53a-4ebb-11f1-87a7-9f509359a2bcshell.bat"
2026-05-13 13:07:11.440 INFO  <Thread-12> [C:\ProyectoIA\job_openmeteo.kjb]  (stdout) 
2026-05-13 13:07:11.440 INFO  <Thread-12> [C:\ProyectoIA\job_openmeteo.kjb]  (stdout) C:\ProyectoIA\data-integration>python C:\ProyectoIA\scripts\openmeteo_realtime.py 
2026-05-13 13:07:14.276 INFO  <Thread-12> [C:\ProyectoIA\job_openmeteo.kjb]  (stdout) Obteniendo datos actuales de Open-Meteo...
2026-05-13 13:07:14.276 INFO  <Thread-12> [C:\ProyectoIA\job_openmeteo.kjb]  (stdout) Datos actuales limpios guardados en C:/ProyectoIA/datos/openmeteo_realtime.csv
2026-05-13 13:07:14.476 INFO  <Thread-7> [C:\ProyectoIA\job_openmeteo.kjb]  Starting entry [unificar_dataset]
2026-05-13 13:07:14.481 INFO  <Thread-7> [C:\ProyectoIA\job_openmeteo.kjb]  Running on platform : Windows 11
2026-05-13 13:07:14.485 INFO  <Thread-7> [C:\ProyectoIA\job_openmeteo.kjb]  Executing command : cmd.exe /C "C:\Users\VALENT~1\AppData\Local\Temp\kettle_e5b3c29b-4ebb-11f1-87a7-9f509359a2bcshell.bat"
2026-05-13 13:07:14.568 INFO  <Thread-14> [C:\ProyectoIA\job_openmeteo.kjb]  (stdout) 
2026-05-13 13:07:14.568 INFO  <Thread-14> [C:\ProyectoIA\job_openmeteo.kjb]  (stdout) C:\ProyectoIA\data-integration>python C:\ProyectoIA\scripts\openmeteo_unificar.py 
2026-05-13 13:07:17.012 INFO  <Thread-14> [C:\ProyectoIA\job_openmeteo.kjb]  (stdout) Cargando histórico acumulado...
2026-05-13 13:07:17.014 INFO  <Thread-14> [C:\ProyectoIA\job_openmeteo.kjb]  (stdout) Cargando datos actuales...
2026-05-13 13:07:17.014 INFO  <Thread-14> [C:\ProyectoIA\job_openmeteo.kjb]  (stdout) Histórico actualizado y dataset final generados correctamente.
2026-05-13 13:07:17.020 INFO  <Thread-14> [C:\ProyectoIA\job_openmeteo.kjb]  (stdout) Total de filas: 55877
2026-05-13 13:07:17.289 INFO  <Thread-7> [C:\ProyectoIA\job_openmeteo.kjb]  Finished job entry [unificar_dataset] (result=[true])
2026-05-13 13:07:17.304 INFO  <Thread-7> [C:\ProyectoIA\job_openmeteo.kjb]  Finished job entry [descargar_realtime] (result=[true])
2026-05-13 13:07:17.308 INFO  <Thread-7> [C:\ProyectoIA\job_openmeteo.kjb]  Finished job entry [descargar_historico] (result=[true])
2026-05-13 13:07:17.335 WARN  <Thread-7> [C:\ProyectoIA\job_openmeteo.kjb]  Job execution finished
2026-05-13 13:07:49.332 WARN  <Thread-8> [C:\ProyectoIA\job_openmeteo.kjb]  Start of job execution
2026-05-13 13:07:49.461 INFO  <Thread-8> [C:\ProyectoIA\job_openmeteo.kjb]  Starting entry [descargar_historico]
2026-05-13 13:07:49.508 INFO  <Thread-8> [C:\ProyectoIA\job_openmeteo.kjb]  Running on platform : Windows 11
2026-05-13 13:07:49.527 INFO  <Thread-8> [C:\ProyectoIA\job_openmeteo.kjb]  Executing command : cmd.exe /C "C:\Users\VALENT~1\AppData\Local\Temp\kettle_fa95ad7e-4ebb-11f1-8490-af2ed109c46fshell.bat"
2026-05-13 13:07:49.632 INFO  <Thread-10> [C:\ProyectoIA\job_openmeteo.kjb]  (stdout) 
2026-05-13 13:07:49.635 INFO  <Thread-10> [C:\ProyectoIA\job_openmeteo.kjb]  (stdout) C:\ProyectoIA\data-integration>python C:\ProyectoIA\scripts\openmeteo_historico.py 
2026-05-13 13:07:51.465 INFO  <Thread-10> [C:\ProyectoIA\job_openmeteo.kjb]  (stdout) El histórico ya existe. No se descarga de nuevo.
2026-05-13 13:07:51.791 INFO  <Thread-8> [C:\ProyectoIA\job_openmeteo.kjb]  Starting entry [descargar_realtime]
2026-05-13 13:07:51.825 INFO  <Thread-8> [C:\ProyectoIA\job_openmeteo.kjb]  Running on platform : Windows 11
2026-05-13 13:07:51.863 INFO  <Thread-8> [C:\ProyectoIA\job_openmeteo.kjb]  Executing command : cmd.exe /C "C:\Users\VALENT~1\AppData\Local\Temp\kettle_fbf7876f-4ebb-11f1-8490-af2ed109c46fshell.bat"
2026-05-13 13:07:51.993 INFO  <Thread-12> [C:\ProyectoIA\job_openmeteo.kjb]  (stdout) 
2026-05-13 13:07:51.997 INFO  <Thread-12> [C:\ProyectoIA\job_openmeteo.kjb]  (stdout) C:\ProyectoIA\data-integration>python C:\ProyectoIA\scripts\openmeteo_realtime.py 
2026-05-13 13:07:54.553 INFO  <Thread-12> [C:\ProyectoIA\job_openmeteo.kjb]  (stdout) Obteniendo datos actuales de Open-Meteo...
2026-05-13 13:07:54.555 INFO  <Thread-12> [C:\ProyectoIA\job_openmeteo.kjb]  (stdout) Datos actuales limpios guardados en C:/ProyectoIA/datos/openmeteo_realtime.csv
2026-05-13 13:07:54.675 INFO  <Thread-8> [C:\ProyectoIA\job_openmeteo.kjb]  Starting entry [unificar_dataset]
2026-05-13 13:07:54.679 INFO  <Thread-8> [C:\ProyectoIA\job_openmeteo.kjb]  Running on platform : Windows 11
2026-05-13 13:07:54.684 INFO  <Thread-8> [C:\ProyectoIA\job_openmeteo.kjb]  Executing command : cmd.exe /C "C:\Users\VALENT~1\AppData\Local\Temp\kettle_fda9a440-4ebb-11f1-8490-af2ed109c46fshell.bat"
2026-05-13 13:07:54.767 INFO  <Thread-14> [C:\ProyectoIA\job_openmeteo.kjb]  (stdout) 
2026-05-13 13:07:54.768 INFO  <Thread-14> [C:\ProyectoIA\job_openmeteo.kjb]  (stdout) C:\ProyectoIA\data-integration>python C:\ProyectoIA\scripts\openmeteo_unificar.py 
2026-05-13 13:07:57.009 INFO  <Thread-14> [C:\ProyectoIA\job_openmeteo.kjb]  (stdout) Cargando histórico acumulado...
2026-05-13 13:07:57.010 INFO  <Thread-14> [C:\ProyectoIA\job_openmeteo.kjb]  (stdout) Cargando datos actuales...
2026-05-13 13:07:57.010 INFO  <Thread-14> [C:\ProyectoIA\job_openmeteo.kjb]  (stdout) Histórico actualizado y dataset final generados correctamente.
2026-05-13 13:07:57.011 INFO  <Thread-14> [C:\ProyectoIA\job_openmeteo.kjb]  (stdout) Total de filas: 55877
2026-05-13 13:07:57.133 INFO  <Thread-8> [C:\ProyectoIA\job_openmeteo.kjb]  Finished job entry [unificar_dataset] (result=[true])
2026-05-13 13:07:57.134 INFO  <Thread-8> [C:\ProyectoIA\job_openmeteo.kjb]  Finished job entry [descargar_realtime] (result=[true])
2026-05-13 13:07:57.135 INFO  <Thread-8> [C:\ProyectoIA\job_openmeteo.kjb]  Finished job entry [descargar_historico] (result=[true])
2026-05-13 13:07:57.135 WARN  <Thread-8> [C:\ProyectoIA\job_openmeteo.kjb]  Job execution finished
2026-05-13 13:08:01.225 INFO  <main> [C:\ProyectoIA\etl_openmeteo_final.ktr]  Iniciado despacho de la transformaci?n [transform_openmeteo]
2026-05-13 13:08:02.527 INFO  <init of Salida Tabla Diaria.0 (Thread-15)> [C:\ProyectoIA\etl_openmeteo_final.ktr]  Connected to database [mysql_clima] (commit=1000)
2026-05-13 13:08:02.529 INFO  <init of Salida Tabla Semana.0 (Thread-18)> [C:\ProyectoIA\etl_openmeteo_final.ktr]  Connected to database [mysql_clima] (commit=1000)
2026-05-13 13:08:02.527 INFO  <init of Salida Tabla Mes.0 (Thread-16)> [C:\ProyectoIA\etl_openmeteo_final.ktr]  Connected to database [mysql_clima] (commit=1000)
2026-05-13 13:08:02.602 INFO  <transform_openmeteo - CSV file input> [C:\ProyectoIA\etl_openmeteo_final.ktr]  Header row skipped in file 'C:/ProyectoIA/datos/openmeteo_dataset_final.csv'
2026-05-13 13:08:02.780 INFO  <transform_openmeteo - estres termico> [C:\ProyectoIA\etl_openmeteo_final.ktr]  Optimization level set to 9.
2026-05-13 13:08:03.009 INFO  <transform_openmeteo - crea fecha> [C:\ProyectoIA\etl_openmeteo_final.ktr]  Optimization level set to 9.
2026-05-13 13:08:04.031 INFO  <transform_openmeteo - CSV file input> [C:\ProyectoIA\etl_openmeteo_final.ktr]  Line number : 50000
2026-05-13 13:08:04.148 INFO  <transform_openmeteo - CSV file input> [C:\ProyectoIA\etl_openmeteo_final.ktr]  Procesamiento finalizado (I=55878, O=0, R=0, W=55877, U=0, E=0)
2026-05-13 13:08:04.197 INFO  <transform_openmeteo - estres termico> [C:\ProyectoIA\etl_openmeteo_final.ktr]  N?mero de l?nea 50000
2026-05-13 13:08:04.355 INFO  <transform_openmeteo - estres termico> [C:\ProyectoIA\etl_openmeteo_final.ktr]  Procesamiento finalizado (I=0, O=0, R=55877, W=55877, U=0, E=0)
2026-05-13 13:08:04.397 INFO  <transform_openmeteo - crea fecha> [C:\ProyectoIA\etl_openmeteo_final.ktr]  N?mero de l?nea 50000
2026-05-13 13:08:04.522 INFO  <transform_openmeteo - DIARIO> [C:\ProyectoIA\etl_openmeteo_final.ktr]  N?mero l?nea 50000
2026-05-13 13:08:04.553 INFO  <transform_openmeteo - crea fecha> [C:\ProyectoIA\etl_openmeteo_final.ktr]  Procesamiento finalizado (I=0, O=0, R=55877, W=55877, U=0, E=0)
2026-05-13 13:08:04.664 INFO  <transform_openmeteo - crear_mes> [C:\ProyectoIA\etl_openmeteo_final.ktr]  Optimization level set to 9.
2026-05-13 13:08:04.741 INFO  <transform_openmeteo - crear_semana> [C:\ProyectoIA\etl_openmeteo_final.ktr]  Optimization level set to 9.
2026-05-13 13:08:04.800 INFO  <transform_openmeteo - DIARIO> [C:\ProyectoIA\etl_openmeteo_final.ktr]  Procesamiento finalizado (I=0, O=0, R=55877, W=2323, U=0, E=0)
2026-05-13 13:08:04.844 INFO  <transform_openmeteo - crear_mes> [C:\ProyectoIA\etl_openmeteo_final.ktr]  Procesamiento finalizado (I=0, O=0, R=774, W=774, U=0, E=0)
2026-05-13 13:08:04.894 INFO  <transform_openmeteo - MENSUAL> [C:\ProyectoIA\etl_openmeteo_final.ktr]  Procesamiento finalizado (I=0, O=0, R=774, W=77, U=0, E=0)
2026-05-13 13:08:05.311 INFO  <transform_openmeteo - Salida Tabla Mes> [C:\ProyectoIA\etl_openmeteo_final.ktr]  Procesamiento finalizado (I=0, O=77, R=77, W=77, U=0, E=0)
2026-05-13 13:08:05.711 INFO  <transform_openmeteo - crear_semana> [C:\ProyectoIA\etl_openmeteo_final.ktr]  Procesamiento finalizado (I=0, O=0, R=775, W=775, U=0, E=0)
2026-05-13 13:08:05.713 INFO  <transform_openmeteo - Salida Tabla Diaria> [C:\ProyectoIA\etl_openmeteo_final.ktr]  Procesamiento finalizado (I=0, O=774, R=774, W=774, U=0, E=0)
2026-05-13 13:08:05.755 INFO  <transform_openmeteo - SEMANAL> [C:\ProyectoIA\etl_openmeteo_final.ktr]  Procesamiento finalizado (I=0, O=0, R=775, W=329, U=0, E=0)
2026-05-13 13:08:05.927 INFO  <transform_openmeteo - Salida Tabla Semana> [C:\ProyectoIA\etl_openmeteo_final.ktr]  Procesamiento finalizado (I=0, O=329, R=329, W=329, U=0, E=0)
2026-05-13 13:08:05.943 INFO  <main> [C:\ProyectoIA\etl_openmeteo_final.ktr]   
2026-05-13 13:08:05.943 INFO  <main> [C:\ProyectoIA\etl_openmeteo_final.ktr]  Los procesos CSV file input.0 han finalizado correctamente, se han procesado 55877 l?neas. ( 13969 l?neas)
2026-05-13 13:08:05.943 INFO  <main> [C:\ProyectoIA\etl_openmeteo_final.ktr]  Los procesos estres termico.0 han finalizado correctamente, se han procesado 55877 l?neas. ( 13969 l?neas)
2026-05-13 13:08:05.943 INFO  <main> [C:\ProyectoIA\etl_openmeteo_final.ktr]  Los procesos crea fecha.0 han finalizado correctamente, se han procesado 55877 l?neas. ( 13969 l?neas)
2026-05-13 13:08:05.949 INFO  <main> [C:\ProyectoIA\etl_openmeteo_final.ktr]  Los procesos DIARIO.0 han finalizado correctamente, se han procesado 55877 l?neas. ( 13969 l?neas)
2026-05-13 13:08:05.951 INFO  <main> [C:\ProyectoIA\etl_openmeteo_final.ktr]  Los procesos crear_semana.0 han finalizado correctamente, se han procesado 775 l?neas. ( 193 l?neas)
2026-05-13 13:08:05.951 INFO  <main> [C:\ProyectoIA\etl_openmeteo_final.ktr]  Los procesos crear_mes.0 han finalizado correctamente, se han procesado 774 l?neas. ( 193 l?neas)
2026-05-13 13:08:05.951 INFO  <main> [C:\ProyectoIA\etl_openmeteo_final.ktr]  Los procesos MENSUAL.0 han finalizado correctamente, se han procesado 774 l?neas. ( 193 l?neas)
2026-05-13 13:08:05.951 INFO  <main> [C:\ProyectoIA\etl_openmeteo_final.ktr]  Los procesos Salida Tabla Diaria.0 han finalizado correctamente, se han procesado 774 l?neas. ( 193 l?neas)
2026-05-13 13:08:05.951 INFO  <main> [C:\ProyectoIA\etl_openmeteo_final.ktr]  Los procesos Salida Tabla Mes.0 han finalizado correctamente, se han procesado 77 l?neas. ( 19 l?neas)
2026-05-13 13:08:05.951 INFO  <main> [C:\ProyectoIA\etl_openmeteo_final.ktr]  Los procesos SEMANAL.0 han finalizado correctamente, se han procesado 775 l?neas. ( 193 l?neas)
2026-05-13 13:08:05.953 INFO  <main> [C:\ProyectoIA\etl_openmeteo_final.ktr]  Los procesos Salida Tabla Semana.0 han finalizado correctamente, se han procesado 329 l?neas. ( 82 l?neas)
2026-05-13 13:08:38.420 INFO  <main> [C:\ProyectoIA\etl_openmeteo_final.ktr]  Iniciado despacho de la transformaci?n [transform_openmeteo]
2026-05-13 13:08:39.001 INFO  <init of Salida Tabla Diaria.0 (Thread-15)> [C:\ProyectoIA\etl_openmeteo_final.ktr]  Connected to database [mysql_clima] (commit=1000)
2026-05-13 13:08:39.001 INFO  <init of Salida Tabla Mes.0 (Thread-16)> [C:\ProyectoIA\etl_openmeteo_final.ktr]  Connected to database [mysql_clima] (commit=1000)
2026-05-13 13:08:39.003 INFO  <init of Salida Tabla Semana.0 (Thread-18)> [C:\ProyectoIA\etl_openmeteo_final.ktr]  Connected to database [mysql_clima] (commit=1000)
2026-05-13 13:08:39.061 INFO  <transform_openmeteo - CSV file input> [C:\ProyectoIA\etl_openmeteo_final.ktr]  Header row skipped in file 'C:/ProyectoIA/datos/openmeteo_dataset_final.csv'
2026-05-13 13:08:39.233 INFO  <transform_openmeteo - estres termico> [C:\ProyectoIA\etl_openmeteo_final.ktr]  Optimization level set to 9.
2026-05-13 13:08:39.446 INFO  <transform_openmeteo - crea fecha> [C:\ProyectoIA\etl_openmeteo_final.ktr]  Optimization level set to 9.
2026-05-13 13:08:40.433 INFO  <transform_openmeteo - CSV file input> [C:\ProyectoIA\etl_openmeteo_final.ktr]  Line number : 50000
2026-05-13 13:08:40.516 INFO  <transform_openmeteo - CSV file input> [C:\ProyectoIA\etl_openmeteo_final.ktr]  Procesamiento finalizado (I=55878, O=0, R=0, W=55877, U=0, E=0)
2026-05-13 13:08:40.526 INFO  <transform_openmeteo - estres termico> [C:\ProyectoIA\etl_openmeteo_final.ktr]  N?mero de l?nea 50000
2026-05-13 13:08:40.583 INFO  <transform_openmeteo - crea fecha> [C:\ProyectoIA\etl_openmeteo_final.ktr]  N?mero de l?nea 50000
2026-05-13 13:08:40.633 INFO  <transform_openmeteo - estres termico> [C:\ProyectoIA\etl_openmeteo_final.ktr]  Procesamiento finalizado (I=0, O=0, R=55877, W=55877, U=0, E=0)
2026-05-13 13:08:40.637 INFO  <transform_openmeteo - DIARIO> [C:\ProyectoIA\etl_openmeteo_final.ktr]  N?mero l?nea 50000
2026-05-13 13:08:40.659 INFO  <transform_openmeteo - crea fecha> [C:\ProyectoIA\etl_openmeteo_final.ktr]  Procesamiento finalizado (I=0, O=0, R=55877, W=55877, U=0, E=0)
2026-05-13 13:08:40.714 INFO  <transform_openmeteo - crear_semana> [C:\ProyectoIA\etl_openmeteo_final.ktr]  Optimization level set to 9.
2026-05-13 13:08:40.714 INFO  <transform_openmeteo - crear_mes> [C:\ProyectoIA\etl_openmeteo_final.ktr]  Optimization level set to 9.
2026-05-13 13:08:40.849 INFO  <transform_openmeteo - DIARIO> [C:\ProyectoIA\etl_openmeteo_final.ktr]  Procesamiento finalizado (I=0, O=0, R=55877, W=2323, U=0, E=0)
2026-05-13 13:08:40.893 INFO  <transform_openmeteo - crear_mes> [C:\ProyectoIA\etl_openmeteo_final.ktr]  Procesamiento finalizado (I=0, O=0, R=774, W=774, U=0, E=0)
2026-05-13 13:08:40.954 INFO  <transform_openmeteo - MENSUAL> [C:\ProyectoIA\etl_openmeteo_final.ktr]  Procesamiento finalizado (I=0, O=0, R=774, W=77, U=0, E=0)
2026-05-13 13:08:41.261 INFO  <transform_openmeteo - Salida Tabla Mes> [C:\ProyectoIA\etl_openmeteo_final.ktr]  Procesamiento finalizado (I=0, O=77, R=77, W=77, U=0, E=0)
2026-05-13 13:08:41.535 INFO  <transform_openmeteo - crear_semana> [C:\ProyectoIA\etl_openmeteo_final.ktr]  Procesamiento finalizado (I=0, O=0, R=775, W=775, U=0, E=0)
2026-05-13 13:08:41.609 INFO  <transform_openmeteo - SEMANAL> [C:\ProyectoIA\etl_openmeteo_final.ktr]  Procesamiento finalizado (I=0, O=0, R=775, W=329, U=0, E=0)
2026-05-13 13:08:41.694 INFO  <transform_openmeteo - Salida Tabla Diaria> [C:\ProyectoIA\etl_openmeteo_final.ktr]  Procesamiento finalizado (I=0, O=774, R=774, W=774, U=0, E=0)
2026-05-13 13:08:41.791 INFO  <transform_openmeteo - Salida Tabla Semana> [C:\ProyectoIA\etl_openmeteo_final.ktr]  Procesamiento finalizado (I=0, O=329, R=329, W=329, U=0, E=0)
2026-05-13 13:08:41.808 INFO  <main> [C:\ProyectoIA\etl_openmeteo_final.ktr]   
2026-05-13 13:08:41.808 INFO  <main> [C:\ProyectoIA\etl_openmeteo_final.ktr]  Los procesos CSV file input.0 han finalizado correctamente, se han procesado 55877 l?neas. ( 18625 l?neas)
2026-05-13 13:08:41.808 INFO  <main> [C:\ProyectoIA\etl_openmeteo_final.ktr]  Los procesos estres termico.0 han finalizado correctamente, se han procesado 55877 l?neas. ( 18625 l?neas)
2026-05-13 13:08:41.812 INFO  <main> [C:\ProyectoIA\etl_openmeteo_final.ktr]  Los procesos crea fecha.0 han finalizado correctamente, se han procesado 55877 l?neas. ( 18625 l?neas)
2026-05-13 13:08:41.812 INFO  <main> [C:\ProyectoIA\etl_openmeteo_final.ktr]  Los procesos DIARIO.0 han finalizado correctamente, se han procesado 55877 l?neas. ( 18625 l?neas)
2026-05-13 13:08:41.816 INFO  <main> [C:\ProyectoIA\etl_openmeteo_final.ktr]  Los procesos crear_semana.0 han finalizado correctamente, se han procesado 775 l?neas. ( 258 l?neas)
2026-05-13 13:08:41.816 INFO  <main> [C:\ProyectoIA\etl_openmeteo_final.ktr]  Los procesos crear_mes.0 han finalizado correctamente, se han procesado 774 l?neas. ( 258 l?neas)
2026-05-13 13:08:41.816 INFO  <main> [C:\ProyectoIA\etl_openmeteo_final.ktr]  Los procesos MENSUAL.0 han finalizado correctamente, se han procesado 774 l?neas. ( 258 l?neas)
2026-05-13 13:08:41.816 INFO  <main> [C:\ProyectoIA\etl_openmeteo_final.ktr]  Los procesos Salida Tabla Diaria.0 han finalizado correctamente, se han procesado 774 l?neas. ( 258 l?neas)
2026-05-13 13:08:41.816 INFO  <main> [C:\ProyectoIA\etl_openmeteo_final.ktr]  Los procesos Salida Tabla Mes.0 han finalizado correctamente, se han procesado 77 l?neas. ( 25 l?neas)
2026-05-13 13:08:41.816 INFO  <main> [C:\ProyectoIA\etl_openmeteo_final.ktr]  Los procesos SEMANAL.0 han finalizado correctamente, se han procesado 775 l?neas. ( 258 l?neas)
2026-05-13 13:08:41.816 INFO  <main> [C:\ProyectoIA\etl_openmeteo_final.ktr]  Los procesos Salida Tabla Semana.0 han finalizado correctamente, se han procesado 329 l?neas. ( 109 l?neas)
