2026-05-06 00:01:46.617 INFO  <Thread-220> [C:\ProyectoIA\procesar_datos_openmeteo.ktr]  Iniciado despacho de la transformaci?n [procesar_datos_openmeteo]
2026-05-06 00:01:46.685 INFO  <procesar_datos_openmeteo - CSV file input> [C:\ProyectoIA\procesar_datos_openmeteo.ktr]  Header row skipped in file 'C:/ProyectoIA/datos/openmeteo_dataset_final.csv'
2026-05-06 00:01:46.701 INFO  <procesar_datos_openmeteo - Valor JavaScript modificado> [C:\ProyectoIA\procesar_datos_openmeteo.ktr]  Optimization level set to 9.
2026-05-06 00:01:47.872 INFO  <procesar_datos_openmeteo - CSV file input> [C:\ProyectoIA\procesar_datos_openmeteo.ktr]  Line number : 50000
2026-05-06 00:01:47.921 INFO  <procesar_datos_openmeteo - CSV file input> [C:\ProyectoIA\procesar_datos_openmeteo.ktr]  Procesamiento finalizado (I=55586, O=0, R=0, W=55585, U=0, E=0)
2026-05-06 00:01:47.934 INFO  <procesar_datos_openmeteo - Valor JavaScript modificado> [C:\ProyectoIA\procesar_datos_openmeteo.ktr]  N?mero de l?nea 50000
2026-05-06 00:01:48.038 INFO  <procesar_datos_openmeteo - Valor JavaScript modificado> [C:\ProyectoIA\procesar_datos_openmeteo.ktr]  Procesamiento finalizado (I=0, O=0, R=55585, W=55585, U=0, E=0)
2026-05-06 00:02:30.137 INFO  <ModalContext> [/Valor JavaScript modificado - PREVIEW.ktr]  Iniciado despacho de la transformaci?n [/Valor JavaScript modificado - PREVIEW]
2026-05-06 00:02:30.155 INFO  </Valor JavaScript modificado - PREVIEW - ## TEST DATA ##> [/Valor JavaScript modificado - PREVIEW.ktr]  Procesamiento finalizado (I=0, O=0, R=0, W=10, U=0, E=0)
2026-05-06 00:02:30.184 INFO  </Valor JavaScript modificado - PREVIEW - dummy> [/Valor JavaScript modificado - PREVIEW.ktr]  Procesamiento finalizado (I=0, O=0, R=10, W=10, U=0, E=0)
2026-05-06 00:03:15.755 INFO  <ModalContext> [/Valor JavaScript modificado - PREVIEW.ktr]  Iniciado despacho de la transformaci?n [/Valor JavaScript modificado - PREVIEW]
2026-05-06 00:03:15.771 INFO  </Valor JavaScript modificado - PREVIEW - ## TEST DATA ##> [/Valor JavaScript modificado - PREVIEW.ktr]  Procesamiento finalizado (I=0, O=0, R=0, W=10, U=0, E=0)
2026-05-06 00:03:15.804 INFO  </Valor JavaScript modificado - PREVIEW - dummy> [/Valor JavaScript modificado - PREVIEW.ktr]  Procesamiento finalizado (I=0, O=0, R=10, W=10, U=0, E=0)
2026-05-06 00:03:22.621 INFO  <ModalContext> [Valor JavaScript modificado - PREVIEW.ktr]  Iniciado despacho de la transformaci?n [Valor JavaScript modificado - PREVIEW]
2026-05-06 00:03:22.672 INFO  <Valor JavaScript modificado - PREVIEW - ## TEST DATA ##> [Valor JavaScript modificado - PREVIEW.ktr]  Procesamiento finalizado (I=0, O=0, R=0, W=10, U=0, E=0)
2026-05-06 00:03:22.674 INFO  <Valor JavaScript modificado - PREVIEW - Valor JavaScript modificado> [Valor JavaScript modificado - PREVIEW.ktr]  Optimization level set to 9.
2026-05-06 00:03:22.737 ERROR <Valor JavaScript modificado - PREVIEW - Valor JavaScript modificado> [Valor JavaScript modificado - PREVIEW.ktr]  Error desconocido
2026-05-06 00:03:22.737 ERROR <Valor JavaScript modificado - PREVIEW - Valor JavaScript modificado> [Valor JavaScript modificado - PREVIEW.ktr]  org.pentaho.di.core.exception.KettleValueException: 
Error Javascript: 
Could not apply the given format yyyy-MM-dd HH:mm:ss on the string for test value test value : Format.parseObject(String) failed (script#3)

	at org.pentaho.di.trans.steps.scriptvalues_mod.ScriptValuesMod.addValues(ScriptValuesMod.java:476)
	at org.pentaho.di.trans.steps.scriptvalues_mod.ScriptValuesMod.processRow(ScriptValuesMod.java:548)
	at org.pentaho.di.trans.step.RunThread.run(RunThread.java:62)
	at java.lang.Thread.run(Unknown Source)
Caused by: org.mozilla.javascript.EvaluatorException: Could not apply the given format yyyy-MM-dd HH:mm:ss on the string for test value test value : Format.parseObject(String) failed (script#3)
	at org.mozilla.javascript.DefaultErrorReporter.runtimeError(DefaultErrorReporter.java:109)
	at org.mozilla.javascript.Context.reportRuntimeError(Context.java:945)
	at org.mozilla.javascript.Context.reportRuntimeError(Context.java:1001)
	at org.pentaho.di.trans.steps.scriptvalues_mod.ScriptValuesAddedFunctions.str2date(ScriptValuesAddedFunctions.java:1061)
	at sun.reflect.GeneratedMethodAccessor63.invoke(Unknown Source)
	at sun.reflect.DelegatingMethodAccessorImpl.invoke(Unknown Source)
	at java.lang.reflect.Method.invoke(Unknown Source)
	at org.mozilla.javascript.MemberBox.invoke(MemberBox.java:161)
	at org.mozilla.javascript.FunctionObject.call(FunctionObject.java:413)
	at org.mozilla.javascript.optimizer.OptRuntime.callName(OptRuntime.java:97)
	at org.mozilla.javascript.gen.script_2._c_script_0(script:3)
	at org.mozilla.javascript.gen.script_2.call(script)
	at org.mozilla.javascript.ContextFactory.doTopCall(ContextFactory.java:426)
	at org.mozilla.javascript.ScriptRuntime.doTopCall(ScriptRuntime.java:3178)
	at org.mozilla.javascript.gen.script_2.call(script)
	at org.mozilla.javascript.gen.script_2.exec(script)
	at org.pentaho.di.trans.steps.scriptvalues_mod.ScriptValuesMod.addValues(ScriptValuesMod.java:388)
	... 3 more

2026-05-06 00:03:22.739 INFO  <Valor JavaScript modificado - PREVIEW - Valor JavaScript modificado> [Valor JavaScript modificado - PREVIEW.ktr]  Procesamiento finalizado (I=0, O=0, R=1, W=0, U=0, E=1)
2026-05-06 00:03:22.741 WARN  <Valor JavaScript modificado - PREVIEW - Valor JavaScript modificado> [Valor JavaScript modificado - PREVIEW.ktr]  Transformaci?n detectada 
2026-05-06 00:03:22.741 WARN  <Valor JavaScript modificado - PREVIEW - Valor JavaScript modificado> [Valor JavaScript modificado - PREVIEW.ktr]  Transformaci?n est? matando los otros pasos!
2026-05-06 00:04:29.581 INFO  <ModalContext> [/Valor JavaScript modificado - PREVIEW.ktr]  Iniciado despacho de la transformaci?n [/Valor JavaScript modificado - PREVIEW]
2026-05-06 00:04:29.627 INFO  </Valor JavaScript modificado - PREVIEW - ## TEST DATA ##> [/Valor JavaScript modificado - PREVIEW.ktr]  Procesamiento finalizado (I=0, O=0, R=0, W=10, U=0, E=0)
2026-05-06 00:04:29.644 INFO  </Valor JavaScript modificado - PREVIEW - dummy> [/Valor JavaScript modificado - PREVIEW.ktr]  Procesamiento finalizado (I=0, O=0, R=10, W=10, U=0, E=0)
2026-05-06 16:39:50.037 WARN  <Thread-7> [C:\ProyectoIA\job_openmeteo.kjb]  Start of job execution
2026-05-06 16:39:50.280 INFO  <Thread-7> [C:\ProyectoIA\job_openmeteo.kjb]  Starting entry [descargar_historico]
2026-05-06 16:39:50.284 INFO  <Thread-7> [C:\ProyectoIA\job_openmeteo.kjb]  Running on platform : Windows 11
2026-05-06 16:39:50.301 INFO  <Thread-7> [C:\ProyectoIA\job_openmeteo.kjb]  Executing command : cmd.exe /C "C:\Users\VALENT~1\AppData\Local\Temp\kettle_6fdd8008-4959-11f1-801d-8dd6d3fa8273shell.bat"
2026-05-06 16:39:50.457 INFO  <Thread-10> [C:\ProyectoIA\job_openmeteo.kjb]  (stdout) 
2026-05-06 16:39:50.463 INFO  <Thread-10> [C:\ProyectoIA\job_openmeteo.kjb]  (stdout) C:\ProyectoIA\data-integration>python C:\ProyectoIA\scripts\openmeteo_historico.py 
2026-05-06 16:39:50.831 ERROR <Thread-9> [C:\ProyectoIA\job_openmeteo.kjb]  (stderr)   File "C:\ProyectoIA\scripts\openmeteo_historico.py", line 28
2026-05-06 16:39:50.831 ERROR <Thread-9> [C:\ProyectoIA\job_openmeteo.kjb]  (stderr)     "wind_speed_10m,wind_direction_10m,shortwave_radiation,et0_fao_evapotranspiration
2026-05-06 16:39:50.832 ERROR <Thread-9> [C:\ProyectoIA\job_openmeteo.kjb]  (stderr)     ^
2026-05-06 16:39:50.833 ERROR <Thread-9> [C:\ProyectoIA\job_openmeteo.kjb]  (stderr) SyntaxError: unterminated string literal (detected at line 28)
2026-05-06 16:39:50.852 INFO  <Thread-7> [C:\ProyectoIA\job_openmeteo.kjb]  Finished job entry [descargar_historico] (result=[false])
2026-05-06 16:39:50.853 WARN  <Thread-7> [C:\ProyectoIA\job_openmeteo.kjb]  Job execution finished
2026-05-06 16:42:40.479 WARN  <Thread-8> [C:\ProyectoIA\job_openmeteo.kjb]  Start of job execution
2026-05-06 16:42:40.601 INFO  <Thread-8> [C:\ProyectoIA\job_openmeteo.kjb]  Starting entry [descargar_historico]
2026-05-06 16:42:40.611 INFO  <Thread-8> [C:\ProyectoIA\job_openmeteo.kjb]  Running on platform : Windows 11
2026-05-06 16:42:40.644 INFO  <Thread-8> [C:\ProyectoIA\job_openmeteo.kjb]  Executing command : cmd.exe /C "C:\Users\VALENT~1\AppData\Local\Temp\kettle_d5637d02-4959-11f1-9cca-79b3995b5f6ashell.bat"
2026-05-06 16:42:41.540 INFO  <Thread-10> [C:\ProyectoIA\job_openmeteo.kjb]  (stdout) 
2026-05-06 16:42:41.541 INFO  <Thread-10> [C:\ProyectoIA\job_openmeteo.kjb]  (stdout) C:\ProyectoIA\data-integration>python C:\ProyectoIA\scripts\openmeteo_historico.py 
2026-05-06 16:42:41.622 ERROR <Thread-9> [C:\ProyectoIA\job_openmeteo.kjb]  (stderr)   File "C:\ProyectoIA\scripts\openmeteo_historico.py", line 28
2026-05-06 16:42:41.624 ERROR <Thread-9> [C:\ProyectoIA\job_openmeteo.kjb]  (stderr)     "wind_speed_10m,wind_direction_10m,shortwave_radiation,et0_fao_evapotranspiration
2026-05-06 16:42:41.626 ERROR <Thread-9> [C:\ProyectoIA\job_openmeteo.kjb]  (stderr)     ^
2026-05-06 16:42:41.628 ERROR <Thread-9> [C:\ProyectoIA\job_openmeteo.kjb]  (stderr) SyntaxError: unterminated string literal (detected at line 28)
2026-05-06 16:42:41.794 INFO  <Thread-8> [C:\ProyectoIA\job_openmeteo.kjb]  Finished job entry [descargar_historico] (result=[false])
2026-05-06 16:42:41.822 WARN  <Thread-8> [C:\ProyectoIA\job_openmeteo.kjb]  Job execution finished
2026-05-06 16:45:28.221 WARN  <Thread-7> [C:\ProyectoIA\job_openmeteo.kjb]  Start of job execution
2026-05-06 16:45:28.542 INFO  <Thread-7> [C:\ProyectoIA\job_openmeteo.kjb]  Starting entry [descargar_historico]
2026-05-06 16:45:28.588 INFO  <Thread-7> [C:\ProyectoIA\job_openmeteo.kjb]  Running on platform : Windows 11
2026-05-06 16:45:28.619 INFO  <Thread-7> [C:\ProyectoIA\job_openmeteo.kjb]  Executing command : cmd.exe /C "C:\Users\VALENT~1\AppData\Local\Temp\kettle_39835a74-495a-11f1-b1ed-d7020844b073shell.bat"
2026-05-06 16:45:28.717 INFO  <Thread-10> [C:\ProyectoIA\job_openmeteo.kjb]  (stdout) 
2026-05-06 16:45:28.717 INFO  <Thread-10> [C:\ProyectoIA\job_openmeteo.kjb]  (stdout) C:\ProyectoIA\data-integration>python C:\ProyectoIA\scripts\openmeteo_historico.py 
2026-05-06 16:45:28.779 ERROR <Thread-9> [C:\ProyectoIA\job_openmeteo.kjb]  (stderr)   File "C:\ProyectoIA\scripts\openmeteo_historico.py", line 28
2026-05-06 16:45:28.780 ERROR <Thread-9> [C:\ProyectoIA\job_openmeteo.kjb]  (stderr)     "wind_speed_10m,wind_direction_10m,shortwave_radiation,et0_fao_evapotranspiration
2026-05-06 16:45:28.780 ERROR <Thread-9> [C:\ProyectoIA\job_openmeteo.kjb]  (stderr)     ^
2026-05-06 16:45:28.781 ERROR <Thread-9> [C:\ProyectoIA\job_openmeteo.kjb]  (stderr) SyntaxError: unterminated string literal (detected at line 28)
2026-05-06 16:45:28.799 INFO  <Thread-7> [C:\ProyectoIA\job_openmeteo.kjb]  Finished job entry [descargar_historico] (result=[false])
2026-05-06 16:45:28.800 WARN  <Thread-7> [C:\ProyectoIA\job_openmeteo.kjb]  Job execution finished
2026-05-06 16:49:29.834 WARN  <Thread-7> [C:\ProyectoIA\job_openmeteo.kjb]  Start of job execution
2026-05-06 16:49:30.084 INFO  <Thread-7> [C:\ProyectoIA\job_openmeteo.kjb]  Starting entry [descargar_historico]
2026-05-06 16:49:30.095 INFO  <Thread-7> [C:\ProyectoIA\job_openmeteo.kjb]  Running on platform : Windows 11
2026-05-06 16:49:30.180 INFO  <Thread-7> [C:\ProyectoIA\job_openmeteo.kjb]  Executing command : cmd.exe /C "C:\Users\VALENT~1\AppData\Local\Temp\kettle_c9768da4-495a-11f1-a55f-03d5179df96fshell.bat"
2026-05-06 16:49:30.495 INFO  <Thread-10> [C:\ProyectoIA\job_openmeteo.kjb]  (stdout) 
2026-05-06 16:49:30.496 INFO  <Thread-10> [C:\ProyectoIA\job_openmeteo.kjb]  (stdout) C:\ProyectoIA\data-integration>python C:\ProyectoIA\scripts\openmeteo_historico.py 
2026-05-06 16:49:30.624 ERROR <Thread-9> [C:\ProyectoIA\job_openmeteo.kjb]  (stderr)   File "C:\ProyectoIA\scripts\openmeteo_historico.py", line 28
2026-05-06 16:49:30.624 ERROR <Thread-9> [C:\ProyectoIA\job_openmeteo.kjb]  (stderr)     "wind_speed_10m,wind_direction_10m,shortwave_radiation,et0_fao_evapotranspiration
2026-05-06 16:49:30.626 ERROR <Thread-9> [C:\ProyectoIA\job_openmeteo.kjb]  (stderr)     ^
2026-05-06 16:49:30.626 ERROR <Thread-9> [C:\ProyectoIA\job_openmeteo.kjb]  (stderr) SyntaxError: unterminated string literal (detected at line 28)
2026-05-06 16:49:30.672 INFO  <Thread-7> [C:\ProyectoIA\job_openmeteo.kjb]  Finished job entry [descargar_historico] (result=[false])
2026-05-06 16:49:30.673 WARN  <Thread-7> [C:\ProyectoIA\job_openmeteo.kjb]  Job execution finished
2026-05-06 16:54:43.550 WARN  <Thread-8> [C:\ProyectoIA\job_openmeteo.kjb]  Start of job execution
2026-05-06 16:54:44.199 INFO  <Thread-8> [C:\ProyectoIA\job_openmeteo.kjb]  Starting entry [descargar_historico]
2026-05-06 16:54:44.207 INFO  <Thread-8> [C:\ProyectoIA\job_openmeteo.kjb]  Running on platform : Windows 11
2026-05-06 16:54:44.251 INFO  <Thread-8> [C:\ProyectoIA\job_openmeteo.kjb]  Executing command : cmd.exe /C "C:\Users\VALENT~1\AppData\Local\Temp\kettle_84b03ce0-495b-11f1-a2ea-551735f2e4c0shell.bat"
2026-05-06 16:54:44.646 INFO  <Thread-10> [C:\ProyectoIA\job_openmeteo.kjb]  (stdout) 
2026-05-06 16:54:44.646 INFO  <Thread-10> [C:\ProyectoIA\job_openmeteo.kjb]  (stdout) C:\ProyectoIA\data-integration>python C:\ProyectoIA\scripts\openmeteo_historico.py 
2026-05-06 16:54:44.709 ERROR <Thread-9> [C:\ProyectoIA\job_openmeteo.kjb]  (stderr)   File "C:\ProyectoIA\scripts\openmeteo_historico.py", line 28
2026-05-06 16:54:44.711 ERROR <Thread-9> [C:\ProyectoIA\job_openmeteo.kjb]  (stderr)     "wind_speed_10m,wind_direction_10m,shortwave_radiation,et0_fao_evapotranspiration
2026-05-06 16:54:44.711 ERROR <Thread-9> [C:\ProyectoIA\job_openmeteo.kjb]  (stderr)     ^
2026-05-06 16:54:44.711 ERROR <Thread-9> [C:\ProyectoIA\job_openmeteo.kjb]  (stderr) SyntaxError: unterminated string literal (detected at line 28)
2026-05-06 16:54:44.743 INFO  <Thread-8> [C:\ProyectoIA\job_openmeteo.kjb]  Finished job entry [descargar_historico] (result=[false])
2026-05-06 16:54:44.743 WARN  <Thread-8> [C:\ProyectoIA\job_openmeteo.kjb]  Job execution finished
2026-05-06 16:59:39.972 WARN  <Thread-8> [C:\ProyectoIA\job_openmeteo.kjb]  Start of job execution
2026-05-06 16:59:40.083 INFO  <Thread-8> [C:\ProyectoIA\job_openmeteo.kjb]  Starting entry [descargar_historico]
2026-05-06 16:59:40.087 INFO  <Thread-8> [C:\ProyectoIA\job_openmeteo.kjb]  Running on platform : Windows 11
2026-05-06 16:59:40.109 INFO  <Thread-8> [C:\ProyectoIA\job_openmeteo.kjb]  Executing command : cmd.exe /C "C:\Users\VALENT~1\AppData\Local\Temp\kettle_350b7ca0-495c-11f1-aa6c-c51f2d832bcdshell.bat"
2026-05-06 16:59:40.242 INFO  <Thread-10> [C:\ProyectoIA\job_openmeteo.kjb]  (stdout) 
2026-05-06 16:59:40.242 INFO  <Thread-10> [C:\ProyectoIA\job_openmeteo.kjb]  (stdout) C:\ProyectoIA\data-integration>python C:\ProyectoIA\scripts\openmeteo_historico.py 
2026-05-06 16:59:40.444 ERROR <Thread-9> [C:\ProyectoIA\job_openmeteo.kjb]  (stderr)   File "C:\ProyectoIA\scripts\openmeteo_historico.py", line 28
2026-05-06 16:59:40.445 ERROR <Thread-9> [C:\ProyectoIA\job_openmeteo.kjb]  (stderr)     "wind_speed_10m,wind_direction_10m,shortwave_radiation,et0_fao_evapotranspiration
2026-05-06 16:59:40.446 ERROR <Thread-9> [C:\ProyectoIA\job_openmeteo.kjb]  (stderr)     ^
2026-05-06 16:59:40.447 ERROR <Thread-9> [C:\ProyectoIA\job_openmeteo.kjb]  (stderr) SyntaxError: unterminated string literal (detected at line 28)
2026-05-06 16:59:40.490 INFO  <Thread-8> [C:\ProyectoIA\job_openmeteo.kjb]  Finished job entry [descargar_historico] (result=[false])
2026-05-06 16:59:40.492 WARN  <Thread-8> [C:\ProyectoIA\job_openmeteo.kjb]  Job execution finished
2026-05-06 17:03:10.488 WARN  <Thread-7> [C:\ProyectoIA\job_openmeteo.kjb]  Start of job execution
2026-05-06 17:03:10.622 INFO  <Thread-7> [C:\ProyectoIA\job_openmeteo.kjb]  Starting entry [descargar_historico]
2026-05-06 17:03:10.626 INFO  <Thread-7> [C:\ProyectoIA\job_openmeteo.kjb]  Running on platform : Windows 11
2026-05-06 17:03:10.648 INFO  <Thread-7> [C:\ProyectoIA\job_openmeteo.kjb]  Executing command : cmd.exe /C "C:\Users\VALENT~1\AppData\Local\Temp\kettle_b28957b7-495c-11f1-bf40-258e10b7174bshell.bat"
2026-05-06 17:03:10.729 INFO  <Thread-10> [C:\ProyectoIA\job_openmeteo.kjb]  (stdout) 
2026-05-06 17:03:10.729 INFO  <Thread-10> [C:\ProyectoIA\job_openmeteo.kjb]  (stdout) C:\ProyectoIA\data-integration>python C:\ProyectoIA\scripts\openmeteo_historico.py 
2026-05-06 17:03:12.226 INFO  <Thread-10> [C:\ProyectoIA\job_openmeteo.kjb]  (stdout) El histórico ya existe. No se descarga de nuevo.
2026-05-06 17:03:12.361 INFO  <Thread-7> [C:\ProyectoIA\job_openmeteo.kjb]  Starting entry [descargar_realtime]
2026-05-06 17:03:12.367 INFO  <Thread-7> [C:\ProyectoIA\job_openmeteo.kjb]  Running on platform : Windows 11
2026-05-06 17:03:12.371 INFO  <Thread-7> [C:\ProyectoIA\job_openmeteo.kjb]  Executing command : cmd.exe /C "C:\Users\VALENT~1\AppData\Local\Temp\kettle_b39178e8-495c-11f1-bf40-258e10b7174bshell.bat"
2026-05-06 17:03:12.478 INFO  <Thread-12> [C:\ProyectoIA\job_openmeteo.kjb]  (stdout) 
2026-05-06 17:03:12.480 INFO  <Thread-12> [C:\ProyectoIA\job_openmeteo.kjb]  (stdout) C:\ProyectoIA\data-integration>python C:\ProyectoIA\scripts\openmeteo_realtime.py 
2026-05-06 17:03:16.353 INFO  <Thread-12> [C:\ProyectoIA\job_openmeteo.kjb]  (stdout) Obteniendo datos actuales de Open-Meteo...
2026-05-06 17:03:16.355 INFO  <Thread-12> [C:\ProyectoIA\job_openmeteo.kjb]  (stdout) Datos actuales limpios guardados en C:/ProyectoIA/datos/openmeteo_realtime.csv
2026-05-06 17:03:16.676 INFO  <Thread-7> [C:\ProyectoIA\job_openmeteo.kjb]  Starting entry [unificar_dataset]
2026-05-06 17:03:16.682 INFO  <Thread-7> [C:\ProyectoIA\job_openmeteo.kjb]  Running on platform : Windows 11
2026-05-06 17:03:16.690 INFO  <Thread-7> [C:\ProyectoIA\job_openmeteo.kjb]  Executing command : cmd.exe /C "C:\Users\VALENT~1\AppData\Local\Temp\kettle_b623e399-495c-11f1-bf40-258e10b7174bshell.bat"
2026-05-06 17:03:16.798 INFO  <Thread-14> [C:\ProyectoIA\job_openmeteo.kjb]  (stdout) 
2026-05-06 17:03:16.800 INFO  <Thread-14> [C:\ProyectoIA\job_openmeteo.kjb]  (stdout) C:\ProyectoIA\data-integration>python C:\ProyectoIA\scripts\openmeteo_unificar.py 
2026-05-06 17:03:19.238 INFO  <Thread-14> [C:\ProyectoIA\job_openmeteo.kjb]  (stdout) Cargando histórico acumulado...
2026-05-06 17:03:19.242 INFO  <Thread-14> [C:\ProyectoIA\job_openmeteo.kjb]  (stdout) Cargando datos actuales...
2026-05-06 17:03:19.244 INFO  <Thread-14> [C:\ProyectoIA\job_openmeteo.kjb]  (stdout) Histórico actualizado y dataset final generados correctamente.
2026-05-06 17:03:19.338 INFO  <Thread-7> [C:\ProyectoIA\job_openmeteo.kjb]  Finished job entry [unificar_dataset] (result=[true])
2026-05-06 17:03:19.354 INFO  <Thread-7> [C:\ProyectoIA\job_openmeteo.kjb]  Finished job entry [descargar_realtime] (result=[true])
2026-05-06 17:03:19.356 INFO  <Thread-7> [C:\ProyectoIA\job_openmeteo.kjb]  Finished job entry [descargar_historico] (result=[true])
2026-05-06 17:03:19.356 WARN  <Thread-7> [C:\ProyectoIA\job_openmeteo.kjb]  Job execution finished
2026-05-06 17:03:59.876 WARN  <Thread-8> [C:\ProyectoIA\job_openmeteo.kjb]  Start of job execution
2026-05-06 17:03:59.976 INFO  <Thread-8> [C:\ProyectoIA\job_openmeteo.kjb]  Starting entry [descargar_historico]
2026-05-06 17:03:59.985 INFO  <Thread-8> [C:\ProyectoIA\job_openmeteo.kjb]  Running on platform : Windows 11
2026-05-06 17:04:00.014 INFO  <Thread-8> [C:\ProyectoIA\job_openmeteo.kjb]  Executing command : cmd.exe /C "C:\Users\VALENT~1\AppData\Local\Temp\kettle_cff477d0-495c-11f1-a9a1-bd3645a0c508shell.bat"
2026-05-06 17:04:00.149 INFO  <Thread-10> [C:\ProyectoIA\job_openmeteo.kjb]  (stdout) 
2026-05-06 17:04:00.149 INFO  <Thread-10> [C:\ProyectoIA\job_openmeteo.kjb]  (stdout) C:\ProyectoIA\data-integration>python C:\ProyectoIA\scripts\openmeteo_historico.py 
2026-05-06 17:04:02.765 INFO  <Thread-10> [C:\ProyectoIA\job_openmeteo.kjb]  (stdout) El histórico ya existe. No se descarga de nuevo.
2026-05-06 17:04:03.716 INFO  <Thread-8> [C:\ProyectoIA\job_openmeteo.kjb]  Starting entry [descargar_realtime]
2026-05-06 17:04:03.718 INFO  <Thread-8> [C:\ProyectoIA\job_openmeteo.kjb]  Running on platform : Windows 11
2026-05-06 17:04:03.721 INFO  <Thread-8> [C:\ProyectoIA\job_openmeteo.kjb]  Executing command : cmd.exe /C "C:\Users\VALENT~1\AppData\Local\Temp\kettle_d22d29c1-495c-11f1-a9a1-bd3645a0c508shell.bat"
2026-05-06 17:04:04.105 INFO  <Thread-12> [C:\ProyectoIA\job_openmeteo.kjb]  (stdout) 
2026-05-06 17:04:04.105 INFO  <Thread-12> [C:\ProyectoIA\job_openmeteo.kjb]  (stdout) C:\ProyectoIA\data-integration>python C:\ProyectoIA\scripts\openmeteo_realtime.py 
2026-05-06 17:04:07.633 INFO  <Thread-12> [C:\ProyectoIA\job_openmeteo.kjb]  (stdout) Obteniendo datos actuales de Open-Meteo...
2026-05-06 17:04:07.633 INFO  <Thread-12> [C:\ProyectoIA\job_openmeteo.kjb]  (stdout) Datos actuales limpios guardados en C:/ProyectoIA/datos/openmeteo_realtime.csv
2026-05-06 17:04:08.322 INFO  <Thread-8> [C:\ProyectoIA\job_openmeteo.kjb]  Starting entry [unificar_dataset]
2026-05-06 17:04:08.322 INFO  <Thread-8> [C:\ProyectoIA\job_openmeteo.kjb]  Running on platform : Windows 11
2026-05-06 17:04:08.331 INFO  <Thread-8> [C:\ProyectoIA\job_openmeteo.kjb]  Executing command : cmd.exe /C "C:\Users\VALENT~1\AppData\Local\Temp\kettle_d4eb8672-495c-11f1-a9a1-bd3645a0c508shell.bat"
2026-05-06 17:04:10.551 INFO  <Thread-14> [C:\ProyectoIA\job_openmeteo.kjb]  (stdout) 
2026-05-06 17:04:10.551 INFO  <Thread-14> [C:\ProyectoIA\job_openmeteo.kjb]  (stdout) C:\ProyectoIA\data-integration>python C:\ProyectoIA\scripts\openmeteo_unificar.py 
2026-05-06 17:04:12.946 INFO  <Thread-14> [C:\ProyectoIA\job_openmeteo.kjb]  (stdout) Cargando histórico acumulado...
2026-05-06 17:04:12.946 INFO  <Thread-14> [C:\ProyectoIA\job_openmeteo.kjb]  (stdout) Cargando datos actuales...
2026-05-06 17:04:12.949 INFO  <Thread-14> [C:\ProyectoIA\job_openmeteo.kjb]  (stdout) Histórico actualizado y dataset final generados correctamente.
2026-05-06 17:04:13.065 INFO  <Thread-8> [C:\ProyectoIA\job_openmeteo.kjb]  Finished job entry [unificar_dataset] (result=[true])
2026-05-06 17:04:13.079 INFO  <Thread-8> [C:\ProyectoIA\job_openmeteo.kjb]  Finished job entry [descargar_realtime] (result=[true])
2026-05-06 17:04:13.079 INFO  <Thread-8> [C:\ProyectoIA\job_openmeteo.kjb]  Finished job entry [descargar_historico] (result=[true])
2026-05-06 17:04:13.081 WARN  <Thread-8> [C:\ProyectoIA\job_openmeteo.kjb]  Job execution finished
2026-05-06 17:08:18.433 WARN  <Thread-8> [C:\ProyectoIA\job_openmeteo.kjb]  Start of job execution
2026-05-06 17:08:18.575 INFO  <Thread-8> [C:\ProyectoIA\job_openmeteo.kjb]  Starting entry [descargar_historico]
2026-05-06 17:08:18.660 INFO  <Thread-8> [C:\ProyectoIA\job_openmeteo.kjb]  Running on platform : Windows 11
2026-05-06 17:08:18.725 INFO  <Thread-8> [C:\ProyectoIA\job_openmeteo.kjb]  Executing command : cmd.exe /C "C:\Users\VALENT~1\AppData\Local\Temp\kettle_6a243615-495d-11f1-bfc6-f529d19d8c49shell.bat"
2026-05-06 17:08:18.832 INFO  <Thread-10> [C:\ProyectoIA\job_openmeteo.kjb]  (stdout) 
2026-05-06 17:08:18.832 INFO  <Thread-10> [C:\ProyectoIA\job_openmeteo.kjb]  (stdout) C:\ProyectoIA\data-integration>python C:\ProyectoIA\scripts\openmeteo_historico.py 
2026-05-06 17:08:23.847 INFO  <Thread-10> [C:\ProyectoIA\job_openmeteo.kjb]  (stdout) El histórico ya existe. No se descarga de nuevo.
2026-05-06 17:08:24.220 INFO  <Thread-8> [C:\ProyectoIA\job_openmeteo.kjb]  Starting entry [descargar_realtime]
2026-05-06 17:08:24.224 INFO  <Thread-8> [C:\ProyectoIA\job_openmeteo.kjb]  Running on platform : Windows 11
2026-05-06 17:08:24.229 INFO  <Thread-8> [C:\ProyectoIA\job_openmeteo.kjb]  Executing command : cmd.exe /C "C:\Users\VALENT~1\AppData\Local\Temp\kettle_6d7312f6-495d-11f1-bfc6-f529d19d8c49shell.bat"
2026-05-06 17:08:24.305 INFO  <Thread-12> [C:\ProyectoIA\job_openmeteo.kjb]  (stdout) 
2026-05-06 17:08:24.305 INFO  <Thread-12> [C:\ProyectoIA\job_openmeteo.kjb]  (stdout) C:\ProyectoIA\data-integration>python C:\ProyectoIA\scripts\openmeteo_realtime.py 
2026-05-06 17:08:26.405 INFO  <Thread-12> [C:\ProyectoIA\job_openmeteo.kjb]  (stdout) Obteniendo datos actuales de Open-Meteo...
2026-05-06 17:08:26.407 INFO  <Thread-12> [C:\ProyectoIA\job_openmeteo.kjb]  (stdout) Datos actuales limpios guardados en C:/ProyectoIA/datos/openmeteo_realtime.csv
2026-05-06 17:08:26.542 INFO  <Thread-8> [C:\ProyectoIA\job_openmeteo.kjb]  Starting entry [unificar_dataset]
2026-05-06 17:08:26.542 INFO  <Thread-8> [C:\ProyectoIA\job_openmeteo.kjb]  Running on platform : Windows 11
2026-05-06 17:08:26.550 INFO  <Thread-8> [C:\ProyectoIA\job_openmeteo.kjb]  Executing command : cmd.exe /C "C:\Users\VALENT~1\AppData\Local\Temp\kettle_6ed513f7-495d-11f1-bfc6-f529d19d8c49shell.bat"
2026-05-06 17:08:26.664 INFO  <Thread-14> [C:\ProyectoIA\job_openmeteo.kjb]  (stdout) 
2026-05-06 17:08:26.666 INFO  <Thread-14> [C:\ProyectoIA\job_openmeteo.kjb]  (stdout) C:\ProyectoIA\data-integration>python C:\ProyectoIA\scripts\openmeteo_unificar.py 
2026-05-06 17:08:29.010 INFO  <Thread-14> [C:\ProyectoIA\job_openmeteo.kjb]  (stdout) Cargando histórico acumulado...
2026-05-06 17:08:29.018 INFO  <Thread-14> [C:\ProyectoIA\job_openmeteo.kjb]  (stdout) Cargando datos actuales...
2026-05-06 17:08:29.018 INFO  <Thread-14> [C:\ProyectoIA\job_openmeteo.kjb]  (stdout) Histórico actualizado y dataset final generados correctamente.
2026-05-06 17:08:29.018 INFO  <Thread-14> [C:\ProyectoIA\job_openmeteo.kjb]  (stdout) Total de filas: 55585
2026-05-06 17:08:29.137 INFO  <Thread-8> [C:\ProyectoIA\job_openmeteo.kjb]  Finished job entry [unificar_dataset] (result=[true])
2026-05-06 17:08:29.143 INFO  <Thread-8> [C:\ProyectoIA\job_openmeteo.kjb]  Finished job entry [descargar_realtime] (result=[true])
2026-05-06 17:08:29.143 INFO  <Thread-8> [C:\ProyectoIA\job_openmeteo.kjb]  Finished job entry [descargar_historico] (result=[true])
2026-05-06 17:08:29.143 WARN  <Thread-8> [C:\ProyectoIA\job_openmeteo.kjb]  Job execution finished
2026-05-06 17:17:47.448 WARN  <Thread-8> [C:\ProyectoIA\job_openmeteo.kjb]  Start of job execution
2026-05-06 17:17:47.681 INFO  <Thread-8> [C:\ProyectoIA\job_openmeteo.kjb]  Starting entry [descargar_historico]
2026-05-06 17:17:47.686 INFO  <Thread-8> [C:\ProyectoIA\job_openmeteo.kjb]  Running on platform : Windows 11
2026-05-06 17:17:47.708 INFO  <Thread-8> [C:\ProyectoIA\job_openmeteo.kjb]  Executing command : cmd.exe /C "C:\Users\VALENT~1\AppData\Local\Temp\kettle_bd4d9e3e-495e-11f1-9d09-add5a1e6bba0shell.bat"
2026-05-06 17:17:48.654 INFO  <Thread-10> [C:\ProyectoIA\job_openmeteo.kjb]  (stdout) 
2026-05-06 17:17:48.654 INFO  <Thread-10> [C:\ProyectoIA\job_openmeteo.kjb]  (stdout) C:\ProyectoIA\data-integration>python C:\ProyectoIA\scripts\openmeteo_historico.py 
2026-05-06 17:17:52.993 INFO  <Thread-10> [C:\ProyectoIA\job_openmeteo.kjb]  (stdout) El histórico ya existe. No se descarga de nuevo.
2026-05-06 17:17:53.144 INFO  <Thread-8> [C:\ProyectoIA\job_openmeteo.kjb]  Starting entry [descargar_realtime]
2026-05-06 17:17:53.152 INFO  <Thread-8> [C:\ProyectoIA\job_openmeteo.kjb]  Running on platform : Windows 11
2026-05-06 17:17:53.160 INFO  <Thread-8> [C:\ProyectoIA\job_openmeteo.kjb]  Executing command : cmd.exe /C "C:\Users\VALENT~1\AppData\Local\Temp\kettle_c08ee68f-495e-11f1-9d09-add5a1e6bba0shell.bat"
2026-05-06 17:17:53.263 INFO  <Thread-12> [C:\ProyectoIA\job_openmeteo.kjb]  (stdout) 
2026-05-06 17:17:53.263 INFO  <Thread-12> [C:\ProyectoIA\job_openmeteo.kjb]  (stdout) C:\ProyectoIA\data-integration>python C:\ProyectoIA\scripts\openmeteo_realtime.py 
2026-05-06 17:17:55.958 INFO  <Thread-12> [C:\ProyectoIA\job_openmeteo.kjb]  (stdout) Obteniendo datos actuales de Open-Meteo...
2026-05-06 17:17:55.958 INFO  <Thread-12> [C:\ProyectoIA\job_openmeteo.kjb]  (stdout) Datos actuales limpios guardados en C:/ProyectoIA/datos/openmeteo_realtime.csv
2026-05-06 17:17:56.190 INFO  <Thread-8> [C:\ProyectoIA\job_openmeteo.kjb]  Starting entry [unificar_dataset]
2026-05-06 17:17:56.192 INFO  <Thread-8> [C:\ProyectoIA\job_openmeteo.kjb]  Running on platform : Windows 11
2026-05-06 17:17:56.206 INFO  <Thread-8> [C:\ProyectoIA\job_openmeteo.kjb]  Executing command : cmd.exe /C "C:\Users\VALENT~1\AppData\Local\Temp\kettle_c25e7670-495e-11f1-9d09-add5a1e6bba0shell.bat"
2026-05-06 17:17:56.307 INFO  <Thread-14> [C:\ProyectoIA\job_openmeteo.kjb]  (stdout) 
2026-05-06 17:17:56.309 INFO  <Thread-14> [C:\ProyectoIA\job_openmeteo.kjb]  (stdout) C:\ProyectoIA\data-integration>python C:\ProyectoIA\scripts\openmeteo_unificar.py 
2026-05-06 17:17:59.522 INFO  <Thread-14> [C:\ProyectoIA\job_openmeteo.kjb]  (stdout) Cargando histórico acumulado...
2026-05-06 17:17:59.522 INFO  <Thread-14> [C:\ProyectoIA\job_openmeteo.kjb]  (stdout) Cargando datos actuales...
2026-05-06 17:17:59.526 INFO  <Thread-14> [C:\ProyectoIA\job_openmeteo.kjb]  (stdout) Histórico actualizado y dataset final generados correctamente.
2026-05-06 17:17:59.528 INFO  <Thread-14> [C:\ProyectoIA\job_openmeteo.kjb]  (stdout) Total de filas: 55586
2026-05-06 17:17:59.690 INFO  <Thread-8> [C:\ProyectoIA\job_openmeteo.kjb]  Finished job entry [unificar_dataset] (result=[true])
2026-05-06 17:17:59.702 INFO  <Thread-8> [C:\ProyectoIA\job_openmeteo.kjb]  Finished job entry [descargar_realtime] (result=[true])
2026-05-06 17:17:59.710 INFO  <Thread-8> [C:\ProyectoIA\job_openmeteo.kjb]  Finished job entry [descargar_historico] (result=[true])
2026-05-06 17:17:59.712 WARN  <Thread-8> [C:\ProyectoIA\job_openmeteo.kjb]  Job execution finished
2026-05-06 17:20:27.548 WARN  <Thread-8> [C:\ProyectoIA\job_openmeteo.kjb]  Start of job execution
2026-05-06 17:20:27.682 INFO  <Thread-8> [C:\ProyectoIA\job_openmeteo.kjb]  Starting entry [descargar_historico]
2026-05-06 17:20:27.688 INFO  <Thread-8> [C:\ProyectoIA\job_openmeteo.kjb]  Running on platform : Windows 11
2026-05-06 17:20:27.715 INFO  <Thread-8> [C:\ProyectoIA\job_openmeteo.kjb]  Executing command : cmd.exe /C "C:\Users\VALENT~1\AppData\Local\Temp\kettle_1cac721e-495f-11f1-be06-8bcdae1d5f3fshell.bat"
2026-05-06 17:20:27.962 INFO  <Thread-10> [C:\ProyectoIA\job_openmeteo.kjb]  (stdout) 
2026-05-06 17:20:27.964 INFO  <Thread-10> [C:\ProyectoIA\job_openmeteo.kjb]  (stdout) C:\ProyectoIA\data-integration>python C:\ProyectoIA\scripts\openmeteo_historico.py 
2026-05-06 17:20:29.821 INFO  <Thread-10> [C:\ProyectoIA\job_openmeteo.kjb]  (stdout) El histórico ya existe. No se descarga de nuevo.
2026-05-06 17:20:29.962 INFO  <Thread-8> [C:\ProyectoIA\job_openmeteo.kjb]  Starting entry [descargar_realtime]
2026-05-06 17:20:29.967 INFO  <Thread-8> [C:\ProyectoIA\job_openmeteo.kjb]  Running on platform : Windows 11
2026-05-06 17:20:29.973 INFO  <Thread-8> [C:\ProyectoIA\job_openmeteo.kjb]  Executing command : cmd.exe /C "C:\Users\VALENT~1\AppData\Local\Temp\kettle_1e06d1ff-495f-11f1-be06-8bcdae1d5f3fshell.bat"
2026-05-06 17:20:30.075 INFO  <Thread-12> [C:\ProyectoIA\job_openmeteo.kjb]  (stdout) 
2026-05-06 17:20:30.075 INFO  <Thread-12> [C:\ProyectoIA\job_openmeteo.kjb]  (stdout) C:\ProyectoIA\data-integration>python C:\ProyectoIA\scripts\openmeteo_realtime.py 
2026-05-06 17:20:32.350 INFO  <Thread-12> [C:\ProyectoIA\job_openmeteo.kjb]  (stdout) Obteniendo datos actuales de Open-Meteo...
2026-05-06 17:20:32.352 INFO  <Thread-12> [C:\ProyectoIA\job_openmeteo.kjb]  (stdout) Datos actuales limpios guardados en C:/ProyectoIA/datos/openmeteo_realtime.csv
2026-05-06 17:20:32.493 INFO  <Thread-8> [C:\ProyectoIA\job_openmeteo.kjb]  Starting entry [unificar_dataset]
2026-05-06 17:20:32.496 INFO  <Thread-8> [C:\ProyectoIA\job_openmeteo.kjb]  Running on platform : Windows 11
2026-05-06 17:20:32.507 INFO  <Thread-8> [C:\ProyectoIA\job_openmeteo.kjb]  Executing command : cmd.exe /C "C:\Users\VALENT~1\AppData\Local\Temp\kettle_1f88b610-495f-11f1-be06-8bcdae1d5f3fshell.bat"
2026-05-06 17:20:32.607 INFO  <Thread-14> [C:\ProyectoIA\job_openmeteo.kjb]  (stdout) 
2026-05-06 17:20:32.608 INFO  <Thread-14> [C:\ProyectoIA\job_openmeteo.kjb]  (stdout) C:\ProyectoIA\data-integration>python C:\ProyectoIA\scripts\openmeteo_unificar.py 
2026-05-06 17:20:34.976 INFO  <Thread-14> [C:\ProyectoIA\job_openmeteo.kjb]  (stdout) Cargando histórico acumulado...
2026-05-06 17:20:34.976 INFO  <Thread-14> [C:\ProyectoIA\job_openmeteo.kjb]  (stdout) Cargando datos actuales...
2026-05-06 17:20:34.977 INFO  <Thread-14> [C:\ProyectoIA\job_openmeteo.kjb]  (stdout) Histórico actualizado y dataset final generados correctamente.
2026-05-06 17:20:34.977 INFO  <Thread-14> [C:\ProyectoIA\job_openmeteo.kjb]  (stdout) Total de filas: 55586
2026-05-06 17:20:35.114 INFO  <Thread-8> [C:\ProyectoIA\job_openmeteo.kjb]  Finished job entry [unificar_dataset] (result=[true])
2026-05-06 17:20:35.115 INFO  <Thread-8> [C:\ProyectoIA\job_openmeteo.kjb]  Finished job entry [descargar_realtime] (result=[true])
2026-05-06 17:20:35.116 INFO  <Thread-8> [C:\ProyectoIA\job_openmeteo.kjb]  Finished job entry [descargar_historico] (result=[true])
2026-05-06 17:20:35.117 WARN  <Thread-8> [C:\ProyectoIA\job_openmeteo.kjb]  Job execution finished
2026-05-06 17:32:54.085 WARN  <Thread-8> [C:\ProyectoIA\job_openmeteo.kjb]  Start of job execution
2026-05-06 17:32:54.275 INFO  <Thread-8> [C:\ProyectoIA\job_openmeteo.kjb]  Starting entry [descargar_historico]
2026-05-06 17:32:54.364 INFO  <Thread-8> [C:\ProyectoIA\job_openmeteo.kjb]  Running on platform : Windows 11
2026-05-06 17:32:54.415 INFO  <Thread-8> [C:\ProyectoIA\job_openmeteo.kjb]  Executing command : cmd.exe /C "C:\Users\VALENT~1\AppData\Local\Temp\kettle_d9bbaf15-4960-11f1-b92c-51f355307024shell.bat"
2026-05-06 17:32:55.959 INFO  <Thread-10> [C:\ProyectoIA\job_openmeteo.kjb]  (stdout) 
2026-05-06 17:32:55.959 INFO  <Thread-10> [C:\ProyectoIA\job_openmeteo.kjb]  (stdout) C:\ProyectoIA\data-integration>python C:\ProyectoIA\scripts\openmeteo_historico.py 
2026-05-06 17:32:58.061 INFO  <Thread-10> [C:\ProyectoIA\job_openmeteo.kjb]  (stdout) El histórico ya existe. No se descarga de nuevo.
2026-05-06 17:32:58.205 INFO  <Thread-8> [C:\ProyectoIA\job_openmeteo.kjb]  Starting entry [descargar_realtime]
2026-05-06 17:32:58.334 INFO  <Thread-8> [C:\ProyectoIA\job_openmeteo.kjb]  Running on platform : Windows 11
2026-05-06 17:32:58.346 INFO  <Thread-8> [C:\ProyectoIA\job_openmeteo.kjb]  Executing command : cmd.exe /C "C:\Users\VALENT~1\AppData\Local\Temp\kettle_dc16b616-4960-11f1-b92c-51f355307024shell.bat"
2026-05-06 17:32:58.459 INFO  <Thread-12> [C:\ProyectoIA\job_openmeteo.kjb]  (stdout) 
2026-05-06 17:32:58.459 INFO  <Thread-12> [C:\ProyectoIA\job_openmeteo.kjb]  (stdout) C:\ProyectoIA\data-integration>python C:\ProyectoIA\scripts\openmeteo_realtime.py 
2026-05-06 17:33:03.140 INFO  <Thread-12> [C:\ProyectoIA\job_openmeteo.kjb]  (stdout) Obteniendo datos actuales de Open-Meteo...
2026-05-06 17:33:03.140 INFO  <Thread-12> [C:\ProyectoIA\job_openmeteo.kjb]  (stdout) Datos actuales limpios guardados en C:/ProyectoIA/datos/openmeteo_realtime.csv
2026-05-06 17:33:03.350 INFO  <Thread-8> [C:\ProyectoIA\job_openmeteo.kjb]  Starting entry [unificar_dataset]
2026-05-06 17:33:03.352 INFO  <Thread-8> [C:\ProyectoIA\job_openmeteo.kjb]  Running on platform : Windows 11
2026-05-06 17:33:03.663 INFO  <Thread-8> [C:\ProyectoIA\job_openmeteo.kjb]  Executing command : cmd.exe /C "C:\Users\VALENT~1\AppData\Local\Temp\kettle_df1465b7-4960-11f1-b92c-51f355307024shell.bat"
2026-05-06 17:33:03.750 INFO  <Thread-14> [C:\ProyectoIA\job_openmeteo.kjb]  (stdout) 
2026-05-06 17:33:03.752 INFO  <Thread-14> [C:\ProyectoIA\job_openmeteo.kjb]  (stdout) C:\ProyectoIA\data-integration>python C:\ProyectoIA\scripts\openmeteo_unificar.py 
2026-05-06 17:33:05.929 INFO  <Thread-14> [C:\ProyectoIA\job_openmeteo.kjb]  (stdout) Cargando histórico acumulado...
2026-05-06 17:33:05.931 INFO  <Thread-14> [C:\ProyectoIA\job_openmeteo.kjb]  (stdout) Cargando datos actuales...
2026-05-06 17:33:05.931 INFO  <Thread-14> [C:\ProyectoIA\job_openmeteo.kjb]  (stdout) Histórico actualizado y dataset final generados correctamente.
2026-05-06 17:33:05.933 INFO  <Thread-14> [C:\ProyectoIA\job_openmeteo.kjb]  (stdout) Total de filas: 55587
2026-05-06 17:33:06.051 INFO  <Thread-8> [C:\ProyectoIA\job_openmeteo.kjb]  Finished job entry [unificar_dataset] (result=[true])
2026-05-06 17:33:06.055 INFO  <Thread-8> [C:\ProyectoIA\job_openmeteo.kjb]  Finished job entry [descargar_realtime] (result=[true])
2026-05-06 17:33:06.055 INFO  <Thread-8> [C:\ProyectoIA\job_openmeteo.kjb]  Finished job entry [descargar_historico] (result=[true])
2026-05-06 17:33:06.055 WARN  <Thread-8> [C:\ProyectoIA\job_openmeteo.kjb]  Job execution finished
